12:15:48.066 karate.env system property was: null 
12:15:48.077 request:
1 > POST https://graphql-pokemon.now.sh/graphql
1 > Accept-Encoding: gzip,deflate
1 > Connection: Keep-Alive
1 > Content-Length: 74
1 > Content-Type: application/json; charset=UTF-8
1 > Host: graphql-pokemon.now.sh
1 > User-Agent: Apache-HttpClient/4.5.5 (Java/1.8.0_212)
{"query":"{\n    pokemon(name: \"Charmander\") {\n        name\n    }\n}"}

12:15:49.074 response time in milliseconds: 994,91
1 < 200
1 < Accept-Ranges: bytes
1 < Access-Control-Allow-Methods: GET,HEAD,PUT,POST,DELETE
1 < Access-Control-Allow-Origin: *
1 < Connection: keep-alive
1 < Content-Length: 42
1 < Content-Type: application/json; charset=utf-8
1 < Date: Mon, 18 Nov 2019 14:15:49 GMT
1 < X-Now-Instance: 1991369795
1 < cache-control: s-maxage=0
1 < server: now
1 < strict-transport-security: max-age=63072000
1 < x-now-id: gru1:wt7xc-1574086548143-8d21aa811a1c
1 < x-now-trace: gru1,sfo1
{"data":{"pokemon":{"name":"Charmander"}}}


537183872
1 < cache-control: s-maxage=0
1 < server: now
1 < strict-transport-security: max-age=63072000
1 < x-now-id: gru1:7mrbw-1573411106117-d9f0209d52d6
1 < x-now-trace: gru1,sfo1
{"data":{"pokemon":{"id":"UG9rZW1vbjowMjU=","number":"025","name":"Pikachu","attacks":{"special":[{"name":"Discharge","type":"Electric","damage":35},{"name":"Thunder","type":"Electric","damage":100},{"name":"Thunderbolt","type":"Electric","damage":55}]}}}}

16:38:27.072 [print] {
  "data": {
    "pokemon": {
      "id": "UG9rZW1vbjowMjU=",
      "number": "025",
      "name": "Pikachu",
      "attacks": {
        "special": [
          {
            "name": "Discharge",
            "type": "Electric",
            "damage": 35
          },
          {
            "name": "Thunder",
            "type": "Electric",
            "damage": 100
          },
          {
            "name": "Thunderbolt",
            "type": "Electric",
            "damage": 55
          }
        ]
      }
    }
  }
}

16:38:27.073 [print] {
  "data": {
    "pokemon": {
      "id": "#string",
      "number": "#string",
      "name": "#string",
      "attacks": {
        "special": [
          {
            "name": "#string",
            "type": "#string",
            "damage": "#number"
          },
          {
            "name": "#string",
            "type": "#string",
            "damage": "#number"
          },
          {
            "name": "#string",
            "type": "#string",
            "damage": "#number"
          }
        ]
      }
    }
  }
}

