16:54:29.149 karate.env system property was: null 
16:54:29.155 request:
1 > POST https://graphql-pokemon.now.sh/graphql
1 > Accept-Encoding: gzip,deflate
1 > Connection: Keep-Alive
1 > Content-Length: 302
1 > Content-Type: application/json; charset=UTF-8
1 > Host: graphql-pokemon.now.sh
1 > User-Agent: Apache-HttpClient/4.5.5 (Java/1.8.0_212)
{"query":"query PokemonAndAttacks($name: String) {\n    pokemon(name: $name) {\n        id\n        number\n        name\n        attacks {\n            special {\n                name\n                type\n                damage\n            }\n        }\n    }\n}","variables":{"name":"Charmander"}}

16:54:30.303 response time in milliseconds: 1147,18
1 < 200
1 < Accept-Ranges: bytes
1 < Access-Control-Allow-Methods: GET,HEAD,PUT,POST,DELETE
1 < Access-Control-Allow-Origin: *
1 < Connection: keep-alive
1 < Content-Length: 254
1 < Content-Type: application/json; charset=utf-8
1 < Date: Fri, 08 Nov 2019 18:54:30 GMT
1 < X-Now-Instance: 2775261464
1 < cache-control: s-maxage=0
1 < server: now
1 < strict-transport-security: max-age=63072000
1 < x-now-id: gru1:lz9jp-1573239269279-abd3749f805c
1 < x-now-trace: gru1,sfo1
{"data":{"pokemon":{"id":"UG9rZW1vbjowMDQ=","number":"004","name":"Charmander","attacks":{"special":[{"name":"Flame Burst","type":"Fire","damage":30},{"name":"Flame Charge","type":"Fire","damage":25},{"name":"Flamethrower","type":"Fire","damage":55}]}}}}

16:54:30.308 [print] response: {
  "data": {
    "pokemon": {
      "id": "UG9rZW1vbjowMDQ=",
      "number": "004",
      "name": "Charmander",
      "attacks": {
        "special": [
          {
            "name": "Flame Burst",
            "type": "Fire",
            "damage": 30
          },
          {
            "name": "Flame Charge",
            "type": "Fire",
            "damage": 25
          },
          {
            "name": "Flamethrower",
            "type": "Fire",
            "damage": 55
          }
        ]
      }
    }
  }
}

