16:38:24.047 karate.env system property was: null 
16:38:24.059 request:
1 > POST https://graphql-pokemon.now.sh/graphql
1 > Accept-Encoding: gzip,deflate
1 > Connection: Keep-Alive
1 > Content-Length: 300
1 > Content-Type: application/json; charset=UTF-8
1 > Host: graphql-pokemon.now.sh
1 > User-Agent: Apache-HttpClient/4.5.5 (Java/1.8.0_212)
{"query":"query PokemonAndAttacks($name: String) {\n    pokemon(name: $name) {\n        id\n        number\n        name\n        attacks {\n            special {\n                name\n                type\n                damage\n            }\n        }\n    }\n}","variables":{"name":"Squirtle"}}

16:38:24.977 response time in milliseconds: 917,26
1 < 200
1 < Accept-Ranges: bytes
1 < Access-Control-Allow-Methods: GET,HEAD,PUT,POST,DELETE
1 < Access-Control-Allow-Origin: *
1 < Connection: keep-alive
1 < Content-Length: 248
1 < Content-Type: application/json; charset=utf-8
1 < Date: Sun, 10 Nov 2019 18:38:24 GMT
1 < X-Now-Instance: 3537183872
1 < cache-control: s-maxage=0
1 < server: now
1 < strict-transport-security: max-age=63072000
1 < x-now-id: gru1:lz9jp-1573411104212-4eaf2062c857
1 < x-now-trace: gru1,sfo1
{"data":{"pokemon":{"id":"UG9rZW1vbjowMDc=","number":"007","name":"Squirtle","attacks":{"special":[{"name":"Aqua Jet","type":"Water","damage":25},{"name":"Aqua Tail","type":"Water","damage":45},{"name":"Water Pulse","type":"Water","damage":35}]}}}}

16:38:24.982 [print] response: {
  "data": {
    "pokemon": {
      "id": "UG9rZW1vbjowMDc=",
      "number": "007",
      "name": "Squirtle",
      "attacks": {
        "special": [
          {
            "name": "Aqua Jet",
            "type": "Water",
            "damage": 25
          },
          {
            "name": "Aqua Tail",
            "type": "Water",
            "damage": 45
          },
          {
            "name": "Water Pulse",
            "type": "Water",
            "damage": 35
          }
        ]
      }
    }
  }
}


