16:52:52.685 [main] INFO  com.intuit.karate - karate.env system property was: null 
16:52:52.999 [main] DEBUG com.intuit.karate - request:
1 > POST https://graphql-pokemon.now.sh/graphql
1 > Accept-Encoding: gzip,deflate
1 > Connection: Keep-Alive
1 > Content-Length: 299
1 > Content-Type: application/json; charset=UTF-8
1 > Host: graphql-pokemon.now.sh
1 > User-Agent: Apache-HttpClient/4.5.5 (Java/1.8.0_212)
{"query":"query PokemonAndAttacks($name: String) {\n    pokemon(name: $name) {\n        id\n        number\n        name\n        attacks {\n            special {\n                name\n                type\n                damage\n            }\n        }\n    }\n}","variables":{"name":"Pikachu"}}

16:52:57.222 [main] DEBUG com.intuit.karate - response time in milliseconds: 4221,91
1 < 200
1 < Accept-Ranges: bytes
1 < Access-Control-Allow-Methods: GET,HEAD,PUT,POST,DELETE
1 < Access-Control-Allow-Origin: *
1 < Connection: keep-alive
1 < Content-Length: 256
1 < Content-Type: application/json; charset=utf-8
1 < Date: Fri, 08 Nov 2019 18:52:57 GMT
1 < X-Now-Instance: 2775261464
1 < cache-control: s-maxage=0
1 < server: now
1 < strict-transport-security: max-age=63072000
1 < x-now-id: gru1:mw4xf-1573239176412-0845de9e65a1
1 < x-now-trace: gru1,sfo1
{"data":{"pokemon":{"id":"UG9rZW1vbjowMjU=","number":"025","name":"Pikachu","attacks":{"special":[{"name":"Discharge","type":"Electric","damage":35},{"name":"Thunder","type":"Electric","damage":100},{"name":"Thunderbolt","type":"Electric","damage":55}]}}}}

16:52:57.225 [main] INFO  com.intuit.karate - [print] {
  "data": {
    "pokemon": {
      "id": "UG9rZW1vbjowMjU=",
      "number": "025",
      "name": "Pikachu",
      "attacks": {
        "special": [
          {
            "name": "Discharge",
            "type": "Electric",
            "damage": 35
          },
          {
            "name": "Thunder",
            "type": "Electric",
            "damage": 100
          },
          {
            "name": "Thunderbolt",
            "type": "Electric",
            "damage": 55
          }
        ]
      }
    }
  }
}

16:52:57.226 [main] INFO  com.intuit.karate - [print] {
  "data": {
    "pokemon": {
      "id": "#string",
      "number": "#string",
      "name": "#string",
      "attacks": {
        "special": [
          {
            "name": "#string",
            "type": "#string",
            "damage": "#number"
          },
          {
            "name": "#string",
            "type": "#string",
            "damage": "#number"
          },
          {
            "name": "#string",
            "type": "#string",
            "damage": "#number"
          }
        ]
      }
    }
  }
}

16:54:13.612 [main] INFO  com.intuit.karate - karate.env system property was: null 
16:54:13.934 [main] DEBUG com.intuit.karate - request:
1 > POST https://graphql-pokemon.now.sh/graphql
1 > Accept-Encoding: gzip,deflate
1 > Connection: Keep-Alive
1 > Content-Length: 299
1 > Content-Type: application/json; charset=UTF-8
1 > Host: graphql-pokemon.now.sh
1 > User-Agent: Apache-HttpClient/4.5.5 (Java/1.8.0_212)
{"query":"query PokemonAndAttacks($name: String) {\n    pokemon(name: $name) {\n        id\n        number\n        name\n        attacks {\n            special {\n                name\n                type\n                damage\n            }\n        }\n    }\n}","variables":{"name":"Pikachu"}}

16:54:17.689 [main] DEBUG com.intuit.karate - response time in milliseconds: 3754,09
1 < 200
1 < Accept-Ranges: bytes
1 < Access-Control-Allow-Methods: GET,HEAD,PUT,POST,DELETE
1 < Access-Control-Allow-Origin: *
1 < Connection: keep-alive
1 < Content-Length: 256
1 < Content-Type: application/json; charset=utf-8
1 < Date: Fri, 08 Nov 2019 18:54:17 GMT
1 < X-Now-Instance: 2775261464
1 < cache-control: s-maxage=0
1 < server: now
1 < strict-transport-security: max-age=63072000
1 < x-now-id: gru1:lz9jp-1573239256894-30ee9e37328c
1 < x-now-trace: gru1,sfo1
{"data":{"pokemon":{"id":"UG9rZW1vbjowMjU=","number":"025","name":"Pikachu","attacks":{"special":[{"name":"Discharge","type":"Electric","damage":35},{"name":"Thunder","type":"Electric","damage":100},{"name":"Thunderbolt","type":"Electric","damage":55}]}}}}

16:54:17.693 [main] INFO  com.intuit.karate - [print] {
  "data": {
    "pokemon": {
      "id": "UG9rZW1vbjowMjU=",
      "number": "025",
      "name": "Pikachu",
      "attacks": {
        "special": [
          {
            "name": "Discharge",
            "type": "Electric",
            "damage": 35
          },
          {
            "name": "Thunder",
            "type": "Electric",
            "damage": 100
          },
          {
            "name": "Thunderbolt",
            "type": "Electric",
            "damage": 55
          }
        ]
      }
    }
  }
}

16:54:17.694 [main] INFO  com.intuit.karate - [print] {
  "data": {
    "pokemon": {
      "id": "#string",
      "number": "#string",
      "name": "#string",
      "attacks": {
        "special": [
          {
            "name": "#string",
            "type": "#string",
            "damage": "#number"
          },
          {
            "name": "#string",
            "type": "#string",
            "damage": "#number"
          },
          {
            "name": "#string",
            "type": "#string",
            "damage": "#number"
          }
        ]
      }
    }
  }
}

16:54:23.088 [main] INFO  com.intuit.karate - karate.env system property was: null 
16:54:23.376 [main] DEBUG com.intuit.karate - request:
1 > POST https://graphql-pokemon.now.sh/graphql
1 > Accept-Encoding: gzip,deflate
1 > Connection: Keep-Alive
1 > Content-Length: 175
1 > Content-Type: application/json; charset=UTF-8
1 > Host: graphql-pokemon.now.sh
1 > User-Agent: Apache-HttpClient/4.5.5 (Java/1.8.0_212)
{"query":"{\n  pokemon(name: \"Pikachu\") {\n    id\n    number\n    name\n    attacks {\n      special {\n        name\n        type\n        damage\n      }\n    }\n  }\n}"}

16:54:28.161 [main] DEBUG com.intuit.karate - response time in milliseconds: 4783,59
1 < 200
1 < Accept-Ranges: bytes
1 < Access-Control-Allow-Methods: GET,HEAD,PUT,POST,DELETE
1 < Access-Control-Allow-Origin: *
1 < Connection: keep-alive
1 < Content-Length: 256
1 < Content-Type: application/json; charset=utf-8
1 < Date: Fri, 08 Nov 2019 18:54:28 GMT
1 < X-Now-Instance: 2775261464
1 < cache-control: s-maxage=0
1 < server: now
1 < strict-transport-security: max-age=63072000
1 < x-now-id: gru1:7mrbw-1573239267369-8c98fe9d06d0
1 < x-now-trace: gru1,sfo1
{"data":{"pokemon":{"id":"UG9rZW1vbjowMjU=","number":"025","name":"Pikachu","attacks":{"special":[{"name":"Discharge","type":"Electric","damage":35},{"name":"Thunder","type":"Electric","damage":100},{"name":"Thunderbolt","type":"Electric","damage":55}]}}}}

16:54:28.190 [main] INFO  com.intuit.karate - karate.env system property was: null 
16:54:28.209 [main] DEBUG com.intuit.karate - request:
1 > POST https://graphql-pokemon.now.sh/graphql
1 > Accept-Encoding: gzip,deflate
1 > Connection: Keep-Alive
1 > Content-Length: 299
1 > Content-Type: application/json; charset=UTF-8
1 > Host: graphql-pokemon.now.sh
1 > User-Agent: Apache-HttpClient/4.5.5 (Java/1.8.0_212)
{"query":"query PokemonAndAttacks($name: String) {\n    pokemon(name: $name) {\n        id\n        number\n        name\n        attacks {\n            special {\n                name\n                type\n                damage\n            }\n        }\n    }\n}","variables":{"name":"Pikachu"}}

16:54:29.121 [main] DEBUG com.intuit.karate - response time in milliseconds: 911,25
1 < 200
1 < Accept-Ranges: bytes
1 < Access-Control-Allow-Methods: GET,HEAD,PUT,POST,DELETE
1 < Access-Control-Allow-Origin: *
1 < Connection: keep-alive
1 < Content-Length: 256
1 < Content-Type: application/json; charset=utf-8
1 < Date: Fri, 08 Nov 2019 18:54:29 GMT
1 < X-Now-Instance: 2775261464
1 < cache-control: s-maxage=0
1 < server: now
1 < strict-transport-security: max-age=63072000
1 < x-now-id: gru1:lz9jp-1573239268358-b7ba7706a7f5
1 < x-now-trace: gru1,sfo1
{"data":{"pokemon":{"id":"UG9rZW1vbjowMjU=","number":"025","name":"Pikachu","attacks":{"special":[{"name":"Discharge","type":"Electric","damage":35},{"name":"Thunder","type":"Electric","damage":100},{"name":"Thunderbolt","type":"Electric","damage":55}]}}}}

16:54:29.132 [main] INFO  com.intuit.karate - [print] response: {
  "data": {
    "pokemon": {
      "id": "UG9rZW1vbjowMjU=",
      "number": "025",
      "name": "Pikachu",
      "attacks": {
        "special": [
          {
            "name": "Discharge",
            "type": "Electric",
            "damage": 35
          },
          {
            "name": "Thunder",
            "type": "Electric",
            "damage": 100
          },
          {
            "name": "Thunderbolt",
            "type": "Electric",
            "damage": 55
          }
        ]
      }
    }
  }
}

16:54:29.149 [main] INFO  com.intuit.karate - karate.env system property was: null 
16:54:29.155 [main] DEBUG com.intuit.karate - request:
1 > POST https://graphql-pokemon.now.sh/graphql
1 > Accept-Encoding: gzip,deflate
1 > Connection: Keep-Alive
1 > Content-Length: 302
1 > Content-Type: application/json; charset=UTF-8
1 > Host: graphql-pokemon.now.sh
1 > User-Agent: Apache-HttpClient/4.5.5 (Java/1.8.0_212)
{"query":"query PokemonAndAttacks($name: String) {\n    pokemon(name: $name) {\n        id\n        number\n        name\n        attacks {\n            special {\n                name\n                type\n                damage\n            }\n        }\n    }\n}","variables":{"name":"Charmander"}}

16:54:30.303 [main] DEBUG com.intuit.karate - response time in milliseconds: 1147,18
1 < 200
1 < Accept-Ranges: bytes
1 < Access-Control-Allow-Methods: GET,HEAD,PUT,POST,DELETE
1 < Access-Control-Allow-Origin: *
1 < Connection: keep-alive
1 < Content-Length: 254
1 < Content-Type: application/json; charset=utf-8
1 < Date: Fri, 08 Nov 2019 18:54:30 GMT
1 < X-Now-Instance: 2775261464
1 < cache-control: s-maxage=0
1 < server: now
1 < strict-transport-security: max-age=63072000
1 < x-now-id: gru1:lz9jp-1573239269279-abd3749f805c
1 < x-now-trace: gru1,sfo1
{"data":{"pokemon":{"id":"UG9rZW1vbjowMDQ=","number":"004","name":"Charmander","attacks":{"special":[{"name":"Flame Burst","type":"Fire","damage":30},{"name":"Flame Charge","type":"Fire","damage":25},{"name":"Flamethrower","type":"Fire","damage":55}]}}}}

16:54:30.308 [main] INFO  com.intuit.karate - [print] response: {
  "data": {
    "pokemon": {
      "id": "UG9rZW1vbjowMDQ=",
      "number": "004",
      "name": "Charmander",
      "attacks": {
        "special": [
          {
            "name": "Flame Burst",
            "type": "Fire",
            "damage": 30
          },
          {
            "name": "Flame Charge",
            "type": "Fire",
            "damage": 25
          },
          {
            "name": "Flamethrower",
            "type": "Fire",
            "damage": 55
          }
        ]
      }
    }
  }
}

16:54:30.326 [main] INFO  com.intuit.karate - karate.env system property was: null 
16:54:30.332 [main] DEBUG com.intuit.karate - request:
1 > POST https://graphql-pokemon.now.sh/graphql
1 > Accept-Encoding: gzip,deflate
1 > Connection: Keep-Alive
1 > Content-Length: 300
1 > Content-Type: application/json; charset=UTF-8
1 > Host: graphql-pokemon.now.sh
1 > User-Agent: Apache-HttpClient/4.5.5 (Java/1.8.0_212)
{"query":"query PokemonAndAttacks($name: String) {\n    pokemon(name: $name) {\n        id\n        number\n        name\n        attacks {\n            special {\n                name\n                type\n                damage\n            }\n        }\n    }\n}","variables":{"name":"Squirtle"}}

16:54:31.456 [main] DEBUG com.intuit.karate - response time in milliseconds: 1123,57
1 < 200
1 < Accept-Ranges: bytes
1 < Access-Control-Allow-Methods: GET,HEAD,PUT,POST,DELETE
1 < Access-Control-Allow-Origin: *
1 < Connection: keep-alive
1 < Content-Length: 248
1 < Content-Type: application/json; charset=utf-8
1 < Date: Fri, 08 Nov 2019 18:54:31 GMT
1 < X-Now-Instance: 2775261464
1 < cache-control: s-maxage=0
1 < server: now
1 < strict-transport-security: max-age=63072000
1 < x-now-id: gru1:mw4xf-1573239270460-8844dbc05c04
1 < x-now-trace: gru1,sfo1
{"data":{"pokemon":{"id":"UG9rZW1vbjowMDc=","number":"007","name":"Squirtle","attacks":{"special":[{"name":"Aqua Jet","type":"Water","damage":25},{"name":"Aqua Tail","type":"Water","damage":45},{"name":"Water Pulse","type":"Water","damage":35}]}}}}

16:54:31.467 [main] INFO  com.intuit.karate - [print] response: {
  "data": {
    "pokemon": {
      "id": "UG9rZW1vbjowMDc=",
      "number": "007",
      "name": "Squirtle",
      "attacks": {
        "special": [
          {
            "name": "Aqua Jet",
            "type": "Water",
            "damage": 25
          },
          {
            "name": "Aqua Tail",
            "type": "Water",
            "damage": 45
          },
          {
            "name": "Water Pulse",
            "type": "Water",
            "damage": 35
          }
        ]
      }
    }
  }
}

16:54:31.486 [main] INFO  com.intuit.karate - karate.env system property was: null 
16:54:31.499 [main] DEBUG com.intuit.karate - request:
1 > POST https://graphql-pokemon.now.sh/graphql
1 > Accept-Encoding: gzip,deflate
1 > Connection: Keep-Alive
1 > Content-Length: 301
1 > Content-Type: application/json; charset=UTF-8
1 > Host: graphql-pokemon.now.sh
1 > User-Agent: Apache-HttpClient/4.5.5 (Java/1.8.0_212)
{"query":"query PokemonAndAttacks($name: String) {\n    pokemon(name: $name) {\n        id\n        number\n        name\n        attacks {\n            special {\n                name\n                type\n                damage\n            }\n        }\n    }\n}","variables":{"name":"Charizard"}}

16:54:32.481 [main] DEBUG com.intuit.karate - response time in milliseconds: 980,66
1 < 200
1 < Accept-Ranges: bytes
1 < Access-Control-Allow-Methods: GET,HEAD,PUT,POST,DELETE
1 < Access-Control-Allow-Origin: *
1 < Connection: keep-alive
1 < Content-Length: 254
1 < Content-Type: application/json; charset=utf-8
1 < Date: Fri, 08 Nov 2019 18:54:32 GMT
1 < X-Now-Instance: 2775261464
1 < cache-control: s-maxage=0
1 < server: now
1 < strict-transport-security: max-age=63072000
1 < x-now-id: gru1:7mrbw-1573239271622-40ced1e6e1a5
1 < x-now-trace: gru1,sfo1
{"data":{"pokemon":{"id":"UG9rZW1vbjowMDY=","number":"006","name":"Charizard","attacks":{"special":[{"name":"Dragon Claw","type":"Dragon","damage":35},{"name":"Fire Blast","type":"Fire","damage":100},{"name":"Flamethrower","type":"Fire","damage":55}]}}}}

16:54:32.486 [main] INFO  com.intuit.karate - [print] response: {
  "data": {
    "pokemon": {
      "id": "UG9rZW1vbjowMDY=",
      "number": "006",
      "name": "Charizard",
      "attacks": {
        "special": [
          {
            "name": "Dragon Claw",
            "type": "Dragon",
            "damage": 35
          },
          {
            "name": "Fire Blast",
            "type": "Fire",
            "damage": 100
          },
          {
            "name": "Flamethrower",
            "type": "Fire",
            "damage": 55
          }
        ]
      }
    }
  }
}

16:54:32.503 [main] INFO  com.intuit.karate - karate.env system property was: null 
16:54:32.514 [main] DEBUG com.intuit.karate - request:
1 > POST https://graphql-pokemon.now.sh/graphql
1 > Accept-Encoding: gzip,deflate
1 > Connection: Keep-Alive
1 > Content-Length: 299
1 > Content-Type: application/json; charset=UTF-8
1 > Host: graphql-pokemon.now.sh
1 > User-Agent: Apache-HttpClient/4.5.5 (Java/1.8.0_212)
{"query":"query PokemonAndAttacks($name: String) {\n    pokemon(name: $name) {\n        id\n        number\n        name\n        attacks {\n            special {\n                name\n                type\n                damage\n            }\n        }\n    }\n}","variables":{"name":"Pikachu"}}

16:54:33.507 [main] DEBUG com.intuit.karate - response time in milliseconds: 992,29
1 < 200
1 < Accept-Ranges: bytes
1 < Access-Control-Allow-Methods: GET,HEAD,PUT,POST,DELETE
1 < Access-Control-Allow-Origin: *
1 < Connection: keep-alive
1 < Content-Length: 256
1 < Content-Type: application/json; charset=utf-8
1 < Date: Fri, 08 Nov 2019 18:54:33 GMT
1 < X-Now-Instance: 2775261464
1 < cache-control: s-maxage=0
1 < server: now
1 < strict-transport-security: max-age=63072000
1 < x-now-id: gru1:mw4xf-1573239272645-39e5a23541fb
1 < x-now-trace: gru1,sfo1
{"data":{"pokemon":{"id":"UG9rZW1vbjowMjU=","number":"025","name":"Pikachu","attacks":{"special":[{"name":"Discharge","type":"Electric","damage":35},{"name":"Thunder","type":"Electric","damage":100},{"name":"Thunderbolt","type":"Electric","damage":55}]}}}}

16:54:33.511 [main] INFO  com.intuit.karate - [print] {
  "data": {
    "pokemon": {
      "id": "UG9rZW1vbjowMjU=",
      "number": "025",
      "name": "Pikachu",
      "attacks": {
        "special": [
          {
            "name": "Discharge",
            "type": "Electric",
            "damage": 35
          },
          {
            "name": "Thunder",
            "type": "Electric",
            "damage": 100
          },
          {
            "name": "Thunderbolt",
            "type": "Electric",
            "damage": 55
          }
        ]
      }
    }
  }
}

16:54:33.512 [main] INFO  com.intuit.karate - [print] {
  "data": {
    "pokemon": {
      "id": "#string",
      "number": "#string",
      "name": "#string",
      "attacks": {
        "special": [
          {
            "name": "#string",
            "type": "#string",
            "damage": "#number"
          },
          {
            "name": "#string",
            "type": "#string",
            "damage": "#number"
          },
          {
            "name": "#string",
            "type": "#string",
            "damage": "#number"
          }
        ]
      }
    }
  }
}

16:16:02.694 [main] INFO  com.intuit.karate - karate.env system property was: null 
16:16:34.941 [main] INFO  com.intuit.karate - karate.env system property was: null 
16:16:35.332 [main] DEBUG com.intuit.karate - request:
1 > POST https://graphql-pokemon.now.sh/graphql
1 > Accept-Encoding: gzip,deflate
1 > Connection: Keep-Alive
1 > Content-Length: 175
1 > Content-Type: application/json; charset=UTF-8
1 > Host: graphql-pokemon.now.sh
1 > User-Agent: Apache-HttpClient/4.5.5 (Java/1.8.0_212)
{"query":"{\n  pokemon(name: \"Pikachu\") {\n    id\n    number\n    name\n    attacks {\n      special {\n        name\n        type\n        damage\n      }\n    }\n  }\n}"}

16:16:39.524 [main] DEBUG com.intuit.karate - response time in milliseconds: 4191,04
1 < 200
1 < Accept-Ranges: bytes
1 < Access-Control-Allow-Methods: GET,HEAD,PUT,POST,DELETE
1 < Access-Control-Allow-Origin: *
1 < Connection: keep-alive
1 < Content-Length: 256
1 < Content-Type: application/json; charset=utf-8
1 < Date: Sun, 10 Nov 2019 18:16:39 GMT
1 < X-Now-Instance: 3537183872
1 < cache-control: s-maxage=0
1 < server: now
1 < strict-transport-security: max-age=63072000
1 < x-now-id: gru1:7mrbw-1573409798324-851933b1f79d
1 < x-now-trace: gru1,sfo1
{"data":{"pokemon":{"id":"UG9rZW1vbjowMjU=","number":"025","name":"Pikachu","attacks":{"special":[{"name":"Discharge","type":"Electric","damage":35},{"name":"Thunder","type":"Electric","damage":100},{"name":"Thunderbolt","type":"Electric","damage":55}]}}}}

16:16:39.539 [main] INFO  com.intuit.karate - [print] result: 
16:17:55.975 [main] INFO  com.intuit.karate - karate.env system property was: null 
16:17:56.311 [main] DEBUG com.intuit.karate - request:
1 > POST https://graphql-pokemon.now.sh/graphql
1 > Accept-Encoding: gzip,deflate
1 > Connection: Keep-Alive
1 > Content-Length: 175
1 > Content-Type: application/json; charset=UTF-8
1 > Host: graphql-pokemon.now.sh
1 > User-Agent: Apache-HttpClient/4.5.5 (Java/1.8.0_212)
{"query":"{\n  pokemon(name: \"Pikachu\") {\n    id\n    number\n    name\n    attacks {\n      special {\n        name\n        type\n        damage\n      }\n    }\n  }\n}"}

16:18:00.131 [main] DEBUG com.intuit.karate - response time in milliseconds: 3818,31
1 < 200
1 < Accept-Ranges: bytes
1 < Access-Control-Allow-Methods: GET,HEAD,PUT,POST,DELETE
1 < Access-Control-Allow-Origin: *
1 < Connection: keep-alive
1 < Content-Length: 256
1 < Content-Type: application/json; charset=utf-8
1 < Date: Sun, 10 Nov 2019 18:18:00 GMT
1 < X-Now-Instance: 3537183872
1 < cache-control: s-maxage=0
1 < server: now
1 < strict-transport-security: max-age=63072000
1 < x-now-id: gru1:7mrbw-1573409879179-8c8753bd1843
1 < x-now-trace: gru1,sfo1
{"data":{"pokemon":{"id":"UG9rZW1vbjowMjU=","number":"025","name":"Pikachu","attacks":{"special":[{"name":"Discharge","type":"Electric","damage":35},{"name":"Thunder","type":"Electric","damage":100},{"name":"Thunderbolt","type":"Electric","damage":55}]}}}}

16:18:18.002 [main] INFO  com.intuit.karate - karate.env system property was: null 
16:18:18.386 [main] DEBUG com.intuit.karate - request:
1 > POST https://graphql-pokemon.now.sh/graphql
1 > Accept-Encoding: gzip,deflate
1 > Connection: Keep-Alive
1 > Content-Length: 175
1 > Content-Type: application/json; charset=UTF-8
1 > Host: graphql-pokemon.now.sh
1 > User-Agent: Apache-HttpClient/4.5.5 (Java/1.8.0_212)
{"query":"{\n  pokemon(name: \"Pikachu\") {\n    id\n    number\n    name\n    attacks {\n      special {\n        name\n        type\n        damage\n      }\n    }\n  }\n}"}

16:18:22.968 [main] DEBUG com.intuit.karate - response time in milliseconds: 4574,29
1 < 200
1 < Accept-Ranges: bytes
1 < Access-Control-Allow-Methods: GET,HEAD,PUT,POST,DELETE
1 < Access-Control-Allow-Origin: *
1 < Connection: keep-alive
1 < Content-Length: 256
1 < Content-Type: application/json; charset=utf-8
1 < Date: Sun, 10 Nov 2019 18:18:22 GMT
1 < X-Now-Instance: 3537183872
1 < cache-control: s-maxage=0
1 < server: now
1 < strict-transport-security: max-age=63072000
1 < x-now-id: gru1:lz9jp-1573409902132-f5b345e932e3
1 < x-now-trace: gru1,sfo1
{"data":{"pokemon":{"id":"UG9rZW1vbjowMjU=","number":"025","name":"Pikachu","attacks":{"special":[{"name":"Discharge","type":"Electric","damage":35},{"name":"Thunder","type":"Electric","damage":100},{"name":"Thunderbolt","type":"Electric","damage":55}]}}}}

16:23:14.058 [main] INFO  com.intuit.karate - karate.env system property was: null 
16:23:14.426 [main] DEBUG com.intuit.karate - request:
1 > POST https://graphql-pokemon.now.sh/graphql
1 > Accept-Encoding: gzip,deflate
1 > Connection: Keep-Alive
1 > Content-Length: 175
1 > Content-Type: application/json; charset=UTF-8
1 > Host: graphql-pokemon.now.sh
1 > User-Agent: Apache-HttpClient/4.5.5 (Java/1.8.0_212)
{"query":"{\n  pokemon(name: \"Pikachu\") {\n    id\n    number\n    name\n    attacks {\n      special {\n        name\n        type\n        damage\n      }\n    }\n  }\n}"}

16:23:18.372 [main] DEBUG com.intuit.karate - response time in milliseconds: 3945,06
1 < 200
1 < Accept-Ranges: bytes
1 < Access-Control-Allow-Methods: GET,HEAD,PUT,POST,DELETE
1 < Access-Control-Allow-Origin: *
1 < Connection: keep-alive
1 < Content-Length: 256
1 < Content-Type: application/json; charset=utf-8
1 < Date: Sun, 10 Nov 2019 18:23:18 GMT
1 < X-Now-Instance: 3537183872
1 < cache-control: s-maxage=0
1 < server: now
1 < strict-transport-security: max-age=63072000
1 < x-now-id: gru1:mw4xf-1573410197507-446015b4d5ac
1 < x-now-trace: gru1,sfo1
{"data":{"pokemon":{"id":"UG9rZW1vbjowMjU=","number":"025","name":"Pikachu","attacks":{"special":[{"name":"Discharge","type":"Electric","damage":35},{"name":"Thunder","type":"Electric","damage":100},{"name":"Thunderbolt","type":"Electric","damage":55}]}}}}

16:23:18.379 [main] INFO  com.intuit.karate - [print] PokemonFaker.name()
16:23:39.842 [main] INFO  com.intuit.karate - karate.env system property was: null 
16:23:40.218 [main] DEBUG com.intuit.karate - request:
1 > POST https://graphql-pokemon.now.sh/graphql
1 > Accept-Encoding: gzip,deflate
1 > Connection: Keep-Alive
1 > Content-Length: 175
1 > Content-Type: application/json; charset=UTF-8
1 > Host: graphql-pokemon.now.sh
1 > User-Agent: Apache-HttpClient/4.5.5 (Java/1.8.0_212)
{"query":"{\n  pokemon(name: \"Pikachu\") {\n    id\n    number\n    name\n    attacks {\n      special {\n        name\n        type\n        damage\n      }\n    }\n  }\n}"}

16:23:48.289 [main] DEBUG com.intuit.karate - response time in milliseconds: 8069,94
1 < 200
1 < Accept-Ranges: bytes
1 < Access-Control-Allow-Methods: GET,HEAD,PUT,POST,DELETE
1 < Access-Control-Allow-Origin: *
1 < Connection: keep-alive
1 < Content-Length: 256
1 < Content-Type: application/json; charset=utf-8
1 < Date: Sun, 10 Nov 2019 18:23:48 GMT
1 < X-Now-Instance: 3537183872
1 < cache-control: s-maxage=0
1 < server: now
1 < strict-transport-security: max-age=63072000
1 < x-now-id: gru1:hwml9-1573410227414-1ea47131205e
1 < x-now-trace: gru1,sfo1
{"data":{"pokemon":{"id":"UG9rZW1vbjowMjU=","number":"025","name":"Pikachu","attacks":{"special":[{"name":"Discharge","type":"Electric","damage":35},{"name":"Thunder","type":"Electric","damage":100},{"name":"Thunderbolt","type":"Electric","damage":55}]}}}}

16:23:48.303 [main] INFO  com.intuit.karate - [print]
16:24:31.085 [main] INFO  com.intuit.karate - karate.env system property was: null 
16:24:31.390 [main] DEBUG com.intuit.karate - request:
1 > POST https://graphql-pokemon.now.sh/graphql
1 > Accept-Encoding: gzip,deflate
1 > Connection: Keep-Alive
1 > Content-Length: 175
1 > Content-Type: application/json; charset=UTF-8
1 > Host: graphql-pokemon.now.sh
1 > User-Agent: Apache-HttpClient/4.5.5 (Java/1.8.0_212)
{"query":"{\n  pokemon(name: \"Pikachu\") {\n    id\n    number\n    name\n    attacks {\n      special {\n        name\n        type\n        damage\n      }\n    }\n  }\n}"}

16:24:36.494 [main] DEBUG com.intuit.karate - response time in milliseconds: 5102,32
1 < 200
1 < Accept-Ranges: bytes
1 < Access-Control-Allow-Methods: GET,HEAD,PUT,POST,DELETE
1 < Access-Control-Allow-Origin: *
1 < Connection: keep-alive
1 < Content-Length: 256
1 < Content-Type: application/json; charset=utf-8
1 < Date: Sun, 10 Nov 2019 18:24:36 GMT
1 < X-Now-Instance: 3537183872
1 < cache-control: s-maxage=0
1 < server: now
1 < strict-transport-security: max-age=63072000
1 < x-now-id: gru1:mw4xf-1573410275695-5654b9f978e1
1 < x-now-trace: gru1,sfo1
{"data":{"pokemon":{"id":"UG9rZW1vbjowMjU=","number":"025","name":"Pikachu","attacks":{"special":[{"name":"Discharge","type":"Electric","damage":35},{"name":"Thunder","type":"Electric","damage":100},{"name":"Thunderbolt","type":"Electric","damage":55}]}}}}

16:25:02.094 [main] INFO  com.intuit.karate - karate.env system property was: null 
16:25:02.627 [main] DEBUG com.intuit.karate - request:
1 > POST https://graphql-pokemon.now.sh/graphql
1 > Accept-Encoding: gzip,deflate
1 > Connection: Keep-Alive
1 > Content-Length: 175
1 > Content-Type: application/json; charset=UTF-8
1 > Host: graphql-pokemon.now.sh
1 > User-Agent: Apache-HttpClient/4.5.5 (Java/1.8.0_212)
{"query":"{\n  pokemon(name: \"Pikachu\") {\n    id\n    number\n    name\n    attacks {\n      special {\n        name\n        type\n        damage\n      }\n    }\n  }\n}"}

16:25:04.223 [main] DEBUG com.intuit.karate - response time in milliseconds: 1593,05
1 < 200
1 < Accept-Ranges: bytes
1 < Access-Control-Allow-Methods: GET,HEAD,PUT,POST,DELETE
1 < Access-Control-Allow-Origin: *
1 < Connection: keep-alive
1 < Content-Length: 256
1 < Content-Type: application/json; charset=utf-8
1 < Date: Sun, 10 Nov 2019 18:25:04 GMT
1 < X-Now-Instance: 3537183872
1 < cache-control: s-maxage=0
1 < server: now
1 < strict-transport-security: max-age=63072000
1 < x-now-id: gru1:mw4xf-1573410303196-14a0dcd1398d
1 < x-now-trace: gru1,sfo1
{"data":{"pokemon":{"id":"UG9rZW1vbjowMjU=","number":"025","name":"Pikachu","attacks":{"special":[{"name":"Discharge","type":"Electric","damage":35},{"name":"Thunder","type":"Electric","damage":100},{"name":"Thunderbolt","type":"Electric","damage":55}]}}}}

16:26:11.846 [main] INFO  com.intuit.karate - karate.env system property was: null 
16:26:12.349 [main] DEBUG com.intuit.karate - request:
1 > POST https://graphql-pokemon.now.sh/graphql
1 > Accept-Encoding: gzip,deflate
1 > Connection: Keep-Alive
1 > Content-Length: 175
1 > Content-Type: application/json; charset=UTF-8
1 > Host: graphql-pokemon.now.sh
1 > User-Agent: Apache-HttpClient/4.5.5 (Java/1.8.0_212)
{"query":"{\n  pokemon(name: \"Pikachu\") {\n    id\n    number\n    name\n    attacks {\n      special {\n        name\n        type\n        damage\n      }\n    }\n  }\n}"}

16:26:15.262 [main] DEBUG com.intuit.karate - response time in milliseconds: 2910,86
1 < 200
1 < Accept-Ranges: bytes
1 < Access-Control-Allow-Methods: GET,HEAD,PUT,POST,DELETE
1 < Access-Control-Allow-Origin: *
1 < Connection: keep-alive
1 < Content-Length: 256
1 < Content-Type: application/json; charset=utf-8
1 < Date: Sun, 10 Nov 2019 18:26:15 GMT
1 < X-Now-Instance: 3537183872
1 < cache-control: s-maxage=0
1 < server: now
1 < strict-transport-security: max-age=63072000
1 < x-now-id: gru1:lz9jp-1573410374462-cbf61e876168
1 < x-now-trace: gru1,sfo1
{"data":{"pokemon":{"id":"UG9rZW1vbjowMjU=","number":"025","name":"Pikachu","attacks":{"special":[{"name":"Discharge","type":"Electric","damage":35},{"name":"Thunder","type":"Electric","damage":100},{"name":"Thunderbolt","type":"Electric","damage":55}]}}}}

16:27:27.434 [main] INFO  com.intuit.karate - karate.env system property was: null 
16:27:27.885 [main] DEBUG com.intuit.karate - request:
1 > POST https://graphql-pokemon.now.sh/graphql
1 > Accept-Encoding: gzip,deflate
1 > Connection: Keep-Alive
1 > Content-Length: 175
1 > Content-Type: application/json; charset=UTF-8
1 > Host: graphql-pokemon.now.sh
1 > User-Agent: Apache-HttpClient/4.5.5 (Java/1.8.0_212)
{"query":"{\n  pokemon(name: \"Pikachu\") {\n    id\n    number\n    name\n    attacks {\n      special {\n        name\n        type\n        damage\n      }\n    }\n  }\n}"}

16:27:29.226 [main] DEBUG com.intuit.karate - response time in milliseconds: 1340,01
1 < 200
1 < Accept-Ranges: bytes
1 < Access-Control-Allow-Methods: GET,HEAD,PUT,POST,DELETE
1 < Access-Control-Allow-Origin: *
1 < Connection: keep-alive
1 < Content-Length: 256
1 < Content-Type: application/json; charset=utf-8
1 < Date: Sun, 10 Nov 2019 18:27:29 GMT
1 < X-Now-Instance: 3537183872
1 < cache-control: s-maxage=0
1 < server: now
1 < strict-transport-security: max-age=63072000
1 < x-now-id: gru1:lz9jp-1573410448442-db3d4b87697c
1 < x-now-trace: gru1,sfo1
{"data":{"pokemon":{"id":"UG9rZW1vbjowMjU=","number":"025","name":"Pikachu","attacks":{"special":[{"name":"Discharge","type":"Electric","damage":35},{"name":"Thunder","type":"Electric","damage":100},{"name":"Thunderbolt","type":"Electric","damage":55}]}}}}

16:27:29.377 [main] INFO  com.intuit.karate - [print] Mewtwo
16:29:47.775 [main] INFO  com.intuit.karate - karate.env system property was: null 
16:30:01.381 [main] INFO  com.intuit.karate - karate.env system property was: null 
16:30:01.621 [main] INFO  com.intuit.karate - [print] {
  "name": "pokemonName"
}

16:30:01.852 [main] DEBUG com.intuit.karate - request:
1 > POST https://graphql-pokemon.now.sh/graphql
1 > Accept-Encoding: gzip,deflate
1 > Connection: Keep-Alive
1 > Content-Length: 303
1 > Content-Type: application/json; charset=UTF-8
1 > Host: graphql-pokemon.now.sh
1 > User-Agent: Apache-HttpClient/4.5.5 (Java/1.8.0_212)
{"query":"query PokemonAndAttacks($name: String) {\n    pokemon(name: $name) {\n        id\n        number\n        name\n        attacks {\n            special {\n                name\n                type\n                damage\n            }\n        }\n    }\n}","variables":{"name":"pokemonName"}}

16:30:05.629 [main] DEBUG com.intuit.karate - response time in milliseconds: 3775,65
1 < 200
1 < Accept-Ranges: bytes
1 < Access-Control-Allow-Methods: GET,HEAD,PUT,POST,DELETE
1 < Access-Control-Allow-Origin: *
1 < Connection: keep-alive
1 < Content-Length: 25
1 < Content-Type: application/json; charset=utf-8
1 < Date: Sun, 10 Nov 2019 18:30:05 GMT
1 < X-Now-Instance: 3537183872
1 < cache-control: s-maxage=0
1 < server: now
1 < strict-transport-security: max-age=63072000
1 < x-now-id: gru1:hwml9-1573410604795-d3de599be98f
1 < x-now-trace: gru1,sfo1
{"data":{"pokemon":null}}

16:30:05.635 [main] ERROR com.intuit.karate - assertion failed: path: $.data.pokemon.name, actual: null, expected: 'Pikachu', reason: actual json-path does not exist
16:36:53.922 [main] INFO  com.intuit.karate - karate.env system property was: null 
16:36:54.189 [main] INFO  com.intuit.karate - [print] {
  "name": "Vileplume"
}

16:36:54.495 [main] DEBUG com.intuit.karate - request:
1 > POST https://graphql-pokemon.now.sh/graphql
1 > Accept-Encoding: gzip,deflate
1 > Connection: Keep-Alive
1 > Content-Length: 301
1 > Content-Type: application/json; charset=UTF-8
1 > Host: graphql-pokemon.now.sh
1 > User-Agent: Apache-HttpClient/4.5.5 (Java/1.8.0_212)
{"query":"query PokemonAndAttacks($name: String) {\n    pokemon(name: $name) {\n        id\n        number\n        name\n        attacks {\n            special {\n                name\n                type\n                damage\n            }\n        }\n    }\n}","variables":{"name":"Vileplume"}}

16:36:55.834 [main] DEBUG com.intuit.karate - response time in milliseconds: 1337,75
1 < 200
1 < Accept-Ranges: bytes
1 < Access-Control-Allow-Methods: GET,HEAD,PUT,POST,DELETE
1 < Access-Control-Allow-Origin: *
1 < Connection: keep-alive
1 < Content-Length: 255
1 < Content-Type: application/json; charset=utf-8
1 < Date: Sun, 10 Nov 2019 18:36:55 GMT
1 < X-Now-Instance: 3537183872
1 < cache-control: s-maxage=0
1 < server: now
1 < strict-transport-security: max-age=63072000
1 < x-now-id: gru1:7mrbw-1573411014978-61c26fc4a462
1 < x-now-trace: gru1,sfo1
{"data":{"pokemon":{"id":"UG9rZW1vbjowNDU=","number":"045","name":"Vileplume","attacks":{"special":[{"name":"Moonblast","type":"Fairy","damage":85},{"name":"Petal Blizzard","type":"Grass","damage":65},{"name":"Solar Beam","type":"Grass","damage":120}]}}}}

16:36:55.838 [main] ERROR com.intuit.karate - assertion failed: path: $.data.pokemon.name, actual: 'Vileplume', expected: 'Pikachu', reason: not equal
16:37:03.275 [main] INFO  com.intuit.karate - karate.env system property was: null 
16:37:03.627 [main] INFO  com.intuit.karate - [print] {
  "name": "Jynx"
}

16:37:03.889 [main] DEBUG com.intuit.karate - request:
1 > POST https://graphql-pokemon.now.sh/graphql
1 > Accept-Encoding: gzip,deflate
1 > Connection: Keep-Alive
1 > Content-Length: 296
1 > Content-Type: application/json; charset=UTF-8
1 > Host: graphql-pokemon.now.sh
1 > User-Agent: Apache-HttpClient/4.5.5 (Java/1.8.0_212)
{"query":"query PokemonAndAttacks($name: String) {\n    pokemon(name: $name) {\n        id\n        number\n        name\n        attacks {\n            special {\n                name\n                type\n                damage\n            }\n        }\n    }\n}","variables":{"name":"Jynx"}}

16:37:05.464 [main] DEBUG com.intuit.karate - response time in milliseconds: 1574,31
1 < 200
1 < Accept-Ranges: bytes
1 < Access-Control-Allow-Methods: GET,HEAD,PUT,POST,DELETE
1 < Access-Control-Allow-Origin: *
1 < Connection: keep-alive
1 < Content-Length: 246
1 < Content-Type: application/json; charset=utf-8
1 < Date: Sun, 10 Nov 2019 18:37:05 GMT
1 < X-Now-Instance: 3537183872
1 < cache-control: s-maxage=0
1 < server: now
1 < strict-transport-security: max-age=63072000
1 < x-now-id: gru1:7mrbw-1573411024193-dd57de84e3f6
1 < x-now-trace: gru1,sfo1
{"data":{"pokemon":{"id":"UG9rZW1vbjoxMjQ=","number":"124","name":"Jynx","attacks":{"special":[{"name":"Draining Kiss","type":"Fairy","damage":25},{"name":"Ice Punch","type":"Ice","damage":45},{"name":"Psyshock","type":"Psychic","damage":40}]}}}}

16:37:05.470 [main] ERROR com.intuit.karate - assertion failed: path: $.data.pokemon.name, actual: 'Jynx', expected: 'Pikachu', reason: not equal
16:37:31.191 [main] INFO  com.intuit.karate - karate.env system property was: null 
16:37:31.716 [main] DEBUG com.intuit.karate - request:
1 > POST https://graphql-pokemon.now.sh/graphql
1 > Accept-Encoding: gzip,deflate
1 > Connection: Keep-Alive
1 > Content-Length: 298
1 > Content-Type: application/json; charset=UTF-8
1 > Host: graphql-pokemon.now.sh
1 > User-Agent: Apache-HttpClient/4.5.5 (Java/1.8.0_212)
{"query":"query PokemonAndAttacks($name: String) {\n    pokemon(name: $name) {\n        id\n        number\n        name\n        attacks {\n            special {\n                name\n                type\n                damage\n            }\n        }\n    }\n}","variables":{"name":"Cubone"}}

16:37:32.908 [main] DEBUG com.intuit.karate - response time in milliseconds: 1190,68
1 < 200
1 < Accept-Ranges: bytes
1 < Access-Control-Allow-Methods: GET,HEAD,PUT,POST,DELETE
1 < Access-Control-Allow-Origin: *
1 < Connection: keep-alive
1 < Content-Length: 243
1 < Content-Type: application/json; charset=utf-8
1 < Date: Sun, 10 Nov 2019 18:37:32 GMT
1 < X-Now-Instance: 3537183872
1 < cache-control: s-maxage=0
1 < server: now
1 < strict-transport-security: max-age=63072000
1 < x-now-id: gru1:mw4xf-1573411052113-89395cbf37bc
1 < x-now-trace: gru1,sfo1
{"data":{"pokemon":{"id":"UG9rZW1vbjoxMDQ=","number":"104","name":"Cubone","attacks":{"special":[{"name":"Bulldoze","type":"Ground","damage":35},{"name":"Dig","type":"Ground","damage":70},{"name":"Earthquake","type":"Ground","damage":100}]}}}}

16:37:50.375 [main] INFO  com.intuit.karate - karate.env system property was: null 
16:37:50.929 [main] DEBUG com.intuit.karate - request:
1 > POST https://graphql-pokemon.now.sh/graphql
1 > Accept-Encoding: gzip,deflate
1 > Connection: Keep-Alive
1 > Content-Length: 301
1 > Content-Type: application/json; charset=UTF-8
1 > Host: graphql-pokemon.now.sh
1 > User-Agent: Apache-HttpClient/4.5.5 (Java/1.8.0_212)
{"query":"query PokemonAndAttacks($name: String) {\n    pokemon(name: $name) {\n        id\n        number\n        name\n        attacks {\n            special {\n                name\n                type\n                damage\n            }\n        }\n    }\n}","variables":{"name":"Sandslash"}}

16:37:52.312 [main] DEBUG com.intuit.karate - response time in milliseconds: 1381,38
1 < 200
1 < Accept-Ranges: bytes
1 < Access-Control-Allow-Methods: GET,HEAD,PUT,POST,DELETE
1 < Access-Control-Allow-Origin: *
1 < Connection: keep-alive
1 < Content-Length: 250
1 < Content-Type: application/json; charset=utf-8
1 < Date: Sun, 10 Nov 2019 18:37:52 GMT
1 < X-Now-Instance: 3537183872
1 < cache-control: s-maxage=0
1 < server: now
1 < strict-transport-security: max-age=63072000
1 < x-now-id: gru1:hwml9-1573411071512-f065b5ef533e
1 < x-now-trace: gru1,sfo1
{"data":{"pokemon":{"id":"UG9rZW1vbjowMjg=","number":"028","name":"Sandslash","attacks":{"special":[{"name":"Bulldoze","type":"Ground","damage":35},{"name":"Earthquake","type":"Ground","damage":100},{"name":"Rock Tomb","type":"Rock","damage":30}]}}}}

16:38:19.568 [main] INFO  com.intuit.karate - karate.env system property was: null 
16:38:19.959 [main] DEBUG com.intuit.karate - request:
1 > POST https://graphql-pokemon.now.sh/graphql
1 > Accept-Encoding: gzip,deflate
1 > Connection: Keep-Alive
1 > Content-Length: 175
1 > Content-Type: application/json; charset=UTF-8
1 > Host: graphql-pokemon.now.sh
1 > User-Agent: Apache-HttpClient/4.5.5 (Java/1.8.0_212)
{"query":"{\n  pokemon(name: \"Pikachu\") {\n    id\n    number\n    name\n    attacks {\n      special {\n        name\n        type\n        damage\n      }\n    }\n  }\n}"}

16:38:22.112 [main] DEBUG com.intuit.karate - response time in milliseconds: 2151,08
1 < 200
1 < Accept-Ranges: bytes
1 < Access-Control-Allow-Methods: GET,HEAD,PUT,POST,DELETE
1 < Access-Control-Allow-Origin: *
1 < Connection: keep-alive
1 < Content-Length: 256
1 < Content-Type: application/json; charset=utf-8
1 < Date: Sun, 10 Nov 2019 18:38:22 GMT
1 < X-Now-Instance: 3537183872
1 < cache-control: s-maxage=0
1 < server: now
1 < strict-transport-security: max-age=63072000
1 < x-now-id: gru1:7mrbw-1573411101113-6a16f3433f74
1 < x-now-trace: gru1,sfo1
{"data":{"pokemon":{"id":"UG9rZW1vbjowMjU=","number":"025","name":"Pikachu","attacks":{"special":[{"name":"Discharge","type":"Electric","damage":35},{"name":"Thunder","type":"Electric","damage":100},{"name":"Thunderbolt","type":"Electric","damage":55}]}}}}

16:38:22.135 [main] INFO  com.intuit.karate - karate.env system property was: null 
16:38:22.151 [main] DEBUG com.intuit.karate - request:
1 > POST https://graphql-pokemon.now.sh/graphql
1 > Accept-Encoding: gzip,deflate
1 > Connection: Keep-Alive
1 > Content-Length: 299
1 > Content-Type: application/json; charset=UTF-8
1 > Host: graphql-pokemon.now.sh
1 > User-Agent: Apache-HttpClient/4.5.5 (Java/1.8.0_212)
{"query":"query PokemonAndAttacks($name: String) {\n    pokemon(name: $name) {\n        id\n        number\n        name\n        attacks {\n            special {\n                name\n                type\n                damage\n            }\n        }\n    }\n}","variables":{"name":"Pikachu"}}

16:38:23.066 [main] DEBUG com.intuit.karate - response time in milliseconds: 913,64
1 < 200
1 < Accept-Ranges: bytes
1 < Access-Control-Allow-Methods: GET,HEAD,PUT,POST,DELETE
1 < Access-Control-Allow-Origin: *
1 < Connection: keep-alive
1 < Content-Length: 256
1 < Content-Type: application/json; charset=utf-8
1 < Date: Sun, 10 Nov 2019 18:38:23 GMT
1 < X-Now-Instance: 3537183872
1 < cache-control: s-maxage=0
1 < server: now
1 < strict-transport-security: max-age=63072000
1 < x-now-id: gru1:hwml9-1573411102275-99a4f43347e6
1 < x-now-trace: gru1,sfo1
{"data":{"pokemon":{"id":"UG9rZW1vbjowMjU=","number":"025","name":"Pikachu","attacks":{"special":[{"name":"Discharge","type":"Electric","damage":35},{"name":"Thunder","type":"Electric","damage":100},{"name":"Thunderbolt","type":"Electric","damage":55}]}}}}

16:38:23.077 [main] INFO  com.intuit.karate - [print] response: {
  "data": {
    "pokemon": {
      "id": "UG9rZW1vbjowMjU=",
      "number": "025",
      "name": "Pikachu",
      "attacks": {
        "special": [
          {
            "name": "Discharge",
            "type": "Electric",
            "damage": 35
          },
          {
            "name": "Thunder",
            "type": "Electric",
            "damage": 100
          },
          {
            "name": "Thunderbolt",
            "type": "Electric",
            "damage": 55
          }
        ]
      }
    }
  }
}

16:38:23.091 [main] INFO  com.intuit.karate - karate.env system property was: null 
16:38:23.098 [main] DEBUG com.intuit.karate - request:
1 > POST https://graphql-pokemon.now.sh/graphql
1 > Accept-Encoding: gzip,deflate
1 > Connection: Keep-Alive
1 > Content-Length: 302
1 > Content-Type: application/json; charset=UTF-8
1 > Host: graphql-pokemon.now.sh
1 > User-Agent: Apache-HttpClient/4.5.5 (Java/1.8.0_212)
{"query":"query PokemonAndAttacks($name: String) {\n    pokemon(name: $name) {\n        id\n        number\n        name\n        attacks {\n            special {\n                name\n                type\n                damage\n            }\n        }\n    }\n}","variables":{"name":"Charmander"}}

16:38:24.013 [main] DEBUG com.intuit.karate - response time in milliseconds: 913,89
1 < 200
1 < Accept-Ranges: bytes
1 < Access-Control-Allow-Methods: GET,HEAD,PUT,POST,DELETE
1 < Access-Control-Allow-Origin: *
1 < Connection: keep-alive
1 < Content-Length: 254
1 < Content-Type: application/json; charset=utf-8
1 < Date: Sun, 10 Nov 2019 18:38:23 GMT
1 < X-Now-Instance: 3537183872
1 < cache-control: s-maxage=0
1 < server: now
1 < strict-transport-security: max-age=63072000
1 < x-now-id: gru1:lz9jp-1573411103216-7221a4477290
1 < x-now-trace: gru1,sfo1
{"data":{"pokemon":{"id":"UG9rZW1vbjowMDQ=","number":"004","name":"Charmander","attacks":{"special":[{"name":"Flame Burst","type":"Fire","damage":30},{"name":"Flame Charge","type":"Fire","damage":25},{"name":"Flamethrower","type":"Fire","damage":55}]}}}}

16:38:24.017 [main] INFO  com.intuit.karate - [print] response: {
  "data": {
    "pokemon": {
      "id": "UG9rZW1vbjowMDQ=",
      "number": "004",
      "name": "Charmander",
      "attacks": {
        "special": [
          {
            "name": "Flame Burst",
            "type": "Fire",
            "damage": 30
          },
          {
            "name": "Flame Charge",
            "type": "Fire",
            "damage": 25
          },
          {
            "name": "Flamethrower",
            "type": "Fire",
            "damage": 55
          }
        ]
      }
    }
  }
}

16:38:24.047 [main] INFO  com.intuit.karate - karate.env system property was: null 
16:38:24.058 [main] DEBUG com.intuit.karate - request:
1 > POST https://graphql-pokemon.now.sh/graphql
1 > Accept-Encoding: gzip,deflate
1 > Connection: Keep-Alive
1 > Content-Length: 300
1 > Content-Type: application/json; charset=UTF-8
1 > Host: graphql-pokemon.now.sh
1 > User-Agent: Apache-HttpClient/4.5.5 (Java/1.8.0_212)
{"query":"query PokemonAndAttacks($name: String) {\n    pokemon(name: $name) {\n        id\n        number\n        name\n        attacks {\n            special {\n                name\n                type\n                damage\n            }\n        }\n    }\n}","variables":{"name":"Squirtle"}}

16:38:24.977 [main] DEBUG com.intuit.karate - response time in milliseconds: 917,26
1 < 200
1 < Accept-Ranges: bytes
1 < Access-Control-Allow-Methods: GET,HEAD,PUT,POST,DELETE
1 < Access-Control-Allow-Origin: *
1 < Connection: keep-alive
1 < Content-Length: 248
1 < Content-Type: application/json; charset=utf-8
1 < Date: Sun, 10 Nov 2019 18:38:24 GMT
1 < X-Now-Instance: 3537183872
1 < cache-control: s-maxage=0
1 < server: now
1 < strict-transport-security: max-age=63072000
1 < x-now-id: gru1:lz9jp-1573411104212-4eaf2062c857
1 < x-now-trace: gru1,sfo1
{"data":{"pokemon":{"id":"UG9rZW1vbjowMDc=","number":"007","name":"Squirtle","attacks":{"special":[{"name":"Aqua Jet","type":"Water","damage":25},{"name":"Aqua Tail","type":"Water","damage":45},{"name":"Water Pulse","type":"Water","damage":35}]}}}}

16:38:24.982 [main] INFO  com.intuit.karate - [print] response: {
  "data": {
    "pokemon": {
      "id": "UG9rZW1vbjowMDc=",
      "number": "007",
      "name": "Squirtle",
      "attacks": {
        "special": [
          {
            "name": "Aqua Jet",
            "type": "Water",
            "damage": 25
          },
          {
            "name": "Aqua Tail",
            "type": "Water",
            "damage": 45
          },
          {
            "name": "Water Pulse",
            "type": "Water",
            "damage": 35
          }
        ]
      }
    }
  }
}

16:38:25.003 [main] INFO  com.intuit.karate - karate.env system property was: null 
16:38:25.014 [main] DEBUG com.intuit.karate - request:
1 > POST https://graphql-pokemon.now.sh/graphql
1 > Accept-Encoding: gzip,deflate
1 > Connection: Keep-Alive
1 > Content-Length: 301
1 > Content-Type: application/json; charset=UTF-8
1 > Host: graphql-pokemon.now.sh
1 > User-Agent: Apache-HttpClient/4.5.5 (Java/1.8.0_212)
{"query":"query PokemonAndAttacks($name: String) {\n    pokemon(name: $name) {\n        id\n        number\n        name\n        attacks {\n            special {\n                name\n                type\n                damage\n            }\n        }\n    }\n}","variables":{"name":"Charizard"}}

16:38:25.923 [main] DEBUG com.intuit.karate - response time in milliseconds: 908,79
1 < 200
1 < Accept-Ranges: bytes
1 < Access-Control-Allow-Methods: GET,HEAD,PUT,POST,DELETE
1 < Access-Control-Allow-Origin: *
1 < Connection: keep-alive
1 < Content-Length: 254
1 < Content-Type: application/json; charset=utf-8
1 < Date: Sun, 10 Nov 2019 18:38:25 GMT
1 < X-Now-Instance: 3537183872
1 < cache-control: s-maxage=0
1 < server: now
1 < strict-transport-security: max-age=63072000
1 < x-now-id: gru1:mw4xf-1573411105148-b4a6e1e84d1a
1 < x-now-trace: gru1,sfo1
{"data":{"pokemon":{"id":"UG9rZW1vbjowMDY=","number":"006","name":"Charizard","attacks":{"special":[{"name":"Dragon Claw","type":"Dragon","damage":35},{"name":"Fire Blast","type":"Fire","damage":100},{"name":"Flamethrower","type":"Fire","damage":55}]}}}}

16:38:25.930 [main] INFO  com.intuit.karate - [print] response: {
  "data": {
    "pokemon": {
      "id": "UG9rZW1vbjowMDY=",
      "number": "006",
      "name": "Charizard",
      "attacks": {
        "special": [
          {
            "name": "Dragon Claw",
            "type": "Dragon",
            "damage": 35
          },
          {
            "name": "Fire Blast",
            "type": "Fire",
            "damage": 100
          },
          {
            "name": "Flamethrower",
            "type": "Fire",
            "damage": 55
          }
        ]
      }
    }
  }
}

16:38:25.952 [main] INFO  com.intuit.karate - karate.env system property was: null 
16:38:25.972 [main] DEBUG com.intuit.karate - request:
1 > POST https://graphql-pokemon.now.sh/graphql
1 > Accept-Encoding: gzip,deflate
1 > Connection: Keep-Alive
1 > Content-Length: 299
1 > Content-Type: application/json; charset=UTF-8
1 > Host: graphql-pokemon.now.sh
1 > User-Agent: Apache-HttpClient/4.5.5 (Java/1.8.0_212)
{"query":"query PokemonAndAttacks($name: String) {\n    pokemon(name: $name) {\n        id\n        number\n        name\n        attacks {\n            special {\n                name\n                type\n                damage\n            }\n        }\n    }\n}","variables":{"name":"Pikachu"}}

16:38:27.069 [main] DEBUG com.intuit.karate - response time in milliseconds: 1095,78
1 < 200
1 < Accept-Ranges: bytes
1 < Access-Control-Allow-Methods: GET,HEAD,PUT,POST,DELETE
1 < Access-Control-Allow-Origin: *
1 < Connection: keep-alive
1 < Content-Length: 256
1 < Content-Type: application/json; charset=utf-8
1 < Date: Sun, 10 Nov 2019 18:38:26 GMT
1 < X-Now-Instance: 3537183872
1 < cache-control: s-maxage=0
1 < server: now
1 < strict-transport-security: max-age=63072000
1 < x-now-id: gru1:7mrbw-1573411106117-d9f0209d52d6
1 < x-now-trace: gru1,sfo1
{"data":{"pokemon":{"id":"UG9rZW1vbjowMjU=","number":"025","name":"Pikachu","attacks":{"special":[{"name":"Discharge","type":"Electric","damage":35},{"name":"Thunder","type":"Electric","damage":100},{"name":"Thunderbolt","type":"Electric","damage":55}]}}}}

16:38:27.072 [main] INFO  com.intuit.karate - [print] {
  "data": {
    "pokemon": {
      "id": "UG9rZW1vbjowMjU=",
      "number": "025",
      "name": "Pikachu",
      "attacks": {
        "special": [
          {
            "name": "Discharge",
            "type": "Electric",
            "damage": 35
          },
          {
            "name": "Thunder",
            "type": "Electric",
            "damage": 100
          },
          {
            "name": "Thunderbolt",
            "type": "Electric",
            "damage": 55
          }
        ]
      }
    }
  }
}

16:38:27.073 [main] INFO  com.intuit.karate - [print] {
  "data": {
    "pokemon": {
      "id": "#string",
      "number": "#string",
      "name": "#string",
      "attacks": {
        "special": [
          {
            "name": "#string",
            "type": "#string",
            "damage": "#number"
          },
          {
            "name": "#string",
            "type": "#string",
            "damage": "#number"
          },
          {
            "name": "#string",
            "type": "#string",
            "damage": "#number"
          }
        ]
      }
    }
  }
}

16:38:27.098 [main] INFO  com.intuit.karate - karate.env system property was: null 
16:38:27.290 [main] DEBUG com.intuit.karate - request:
1 > POST https://graphql-pokemon.now.sh/graphql
1 > Accept-Encoding: gzip,deflate
1 > Connection: Keep-Alive
1 > Content-Length: 299
1 > Content-Type: application/json; charset=UTF-8
1 > Host: graphql-pokemon.now.sh
1 > User-Agent: Apache-HttpClient/4.5.5 (Java/1.8.0_212)
{"query":"query PokemonAndAttacks($name: String) {\n    pokemon(name: $name) {\n        id\n        number\n        name\n        attacks {\n            special {\n                name\n                type\n                damage\n            }\n        }\n    }\n}","variables":{"name":"Kingler"}}

16:38:28.386 [main] DEBUG com.intuit.karate - response time in milliseconds: 1095,27
1 < 200
1 < Accept-Ranges: bytes
1 < Access-Control-Allow-Methods: GET,HEAD,PUT,POST,DELETE
1 < Access-Control-Allow-Origin: *
1 < Connection: keep-alive
1 < Content-Length: 247
1 < Content-Type: application/json; charset=utf-8
1 < Date: Sun, 10 Nov 2019 18:38:28 GMT
1 < X-Now-Instance: 3537183872
1 < cache-control: s-maxage=0
1 < server: now
1 < strict-transport-security: max-age=63072000
1 < x-now-id: gru1:7mrbw-1573411107411-e565daa17034
1 < x-now-trace: gru1,sfo1
{"data":{"pokemon":{"id":"UG9rZW1vbjowOTk=","number":"099","name":"Kingler","attacks":{"special":[{"name":"Vice Grip","type":"Normal","damage":25},{"name":"Water Pulse","type":"Water","damage":35},{"name":"X Scissor","type":"Bug","damage":35}]}}}}

11:20:29.031 [main] INFO  com.intuit.karate - karate.env system property was: null 
11:20:29.468 [main] DEBUG com.intuit.karate - request:
1 > POST https://graphql-pokemon.now.sh/graphql
1 > Accept-Encoding: gzip,deflate
1 > Connection: Keep-Alive
1 > Content-Length: 235
1 > Content-Type: application/json; charset=UTF-8
1 > Host: graphql-pokemon.now.sh
1 > User-Agent: Apache-HttpClient/4.5.5 (Java/1.8.0_212)
{"query":"{\n    pokemon(name: \"Pikachu\") {\n        id\n        number\n        name\n        attacks {\n            special {\n                name\n                type\n                damage\n            }\n        }\n    }\n}"}

11:20:30.993 [main] DEBUG com.intuit.karate - response time in milliseconds: 1523,29
1 < 200
1 < Accept-Ranges: bytes
1 < Access-Control-Allow-Methods: GET,HEAD,PUT,POST,DELETE
1 < Access-Control-Allow-Origin: *
1 < Connection: keep-alive
1 < Content-Length: 256
1 < Content-Type: application/json; charset=utf-8
1 < Date: Mon, 18 Nov 2019 13:20:30 GMT
1 < X-Now-Instance: 1991369795
1 < cache-control: s-maxage=0
1 < server: now
1 < strict-transport-security: max-age=63072000
1 < x-now-id: gru1:wt7xc-1574083230200-eaa834b007b3
1 < x-now-trace: gru1,sfo1
{"data":{"pokemon":{"id":"UG9rZW1vbjowMjU=","number":"025","name":"Pikachu","attacks":{"special":[{"name":"Discharge","type":"Electric","damage":35},{"name":"Thunder","type":"Electric","damage":100},{"name":"Thunderbolt","type":"Electric","damage":55}]}}}}

11:23:30.980 [main] INFO  com.intuit.karate - karate.env system property was: null 
11:23:40.329 [main] INFO  com.intuit.karate - karate.env system property was: null 
11:25:55.339 [main] INFO  com.intuit.karate - karate.env system property was: null 
11:25:55.808 [main] DEBUG com.intuit.karate - request:
1 > POST https://graphql-pokemon.now.sh/graphql
1 > Accept-Encoding: gzip,deflate
1 > Connection: Keep-Alive
1 > Content-Length: 235
1 > Content-Type: application/json; charset=UTF-8
1 > Host: graphql-pokemon.now.sh
1 > User-Agent: Apache-HttpClient/4.5.5 (Java/1.8.0_212)
{"query":"{\n    pokemon(name: \"Pikachu\") {\n        id\n        number\n        name\n        attacks {\n            special {\n                name\n                type\n                damage\n            }\n        }\n    }\n}"}

11:25:57.099 [main] DEBUG com.intuit.karate - response time in milliseconds: 1289,76
1 < 200
1 < Accept-Ranges: bytes
1 < Access-Control-Allow-Methods: GET,HEAD,PUT,POST,DELETE
1 < Access-Control-Allow-Origin: *
1 < Connection: keep-alive
1 < Content-Length: 256
1 < Content-Type: application/json; charset=utf-8
1 < Date: Mon, 18 Nov 2019 13:25:57 GMT
1 < X-Now-Instance: 1991369795
1 < cache-control: s-maxage=0
1 < server: now
1 < strict-transport-security: max-age=63072000
1 < x-now-id: gru1:kxwsb-1574083556223-c14c9e060eb7
1 < x-now-trace: gru1,sfo1
{"data":{"pokemon":{"id":"UG9rZW1vbjowMjU=","number":"025","name":"Pikachu","attacks":{"special":[{"name":"Discharge","type":"Electric","damage":35},{"name":"Thunder","type":"Electric","damage":100},{"name":"Thunderbolt","type":"Electric","damage":55}]}}}}

11:49:15.317 [main] INFO  com.intuit.karate - karate.env system property was: null 
11:49:39.560 [main] INFO  com.intuit.karate - karate.env system property was: null 
11:49:39.909 [main] DEBUG com.intuit.karate - request:
1 > POST https://graphql-pokemon.now.sh/graphql
1 > Accept-Encoding: gzip,deflate
1 > Connection: Keep-Alive
1 > Content-Length: 235
1 > Content-Type: application/json; charset=UTF-8
1 > Host: graphql-pokemon.now.sh
1 > User-Agent: Apache-HttpClient/4.5.5 (Java/1.8.0_212)
{"query":"{\n    pokemon(name: \"Pikachu\") {\n        id\n        number\n        name\n        attacks {\n            special {\n                name\n                type\n                damage\n            }\n        }\n    }\n}"}

11:49:41.104 [main] DEBUG com.intuit.karate - response time in milliseconds: 1193,43
1 < 200
1 < Accept-Ranges: bytes
1 < Access-Control-Allow-Methods: GET,HEAD,PUT,POST,DELETE
1 < Access-Control-Allow-Origin: *
1 < Connection: keep-alive
1 < Content-Length: 256
1 < Content-Type: application/json; charset=utf-8
1 < Date: Mon, 18 Nov 2019 13:49:41 GMT
1 < X-Now-Instance: 1991369795
1 < cache-control: s-maxage=0
1 < server: now
1 < strict-transport-security: max-age=63072000
1 < x-now-id: gru1:pvcg9-1574084980302-33637e0f2ac3
1 < x-now-trace: gru1,sfo1
{"data":{"pokemon":{"id":"UG9rZW1vbjowMjU=","number":"025","name":"Pikachu","attacks":{"special":[{"name":"Discharge","type":"Electric","damage":35},{"name":"Thunder","type":"Electric","damage":100},{"name":"Thunderbolt","type":"Electric","damage":55}]}}}}

11:52:14.169 [main] INFO  com.intuit.karate - karate.env system property was: null 
11:52:14.528 [main] DEBUG com.intuit.karate - request:
1 > POST https://graphql-pokemon.now.sh/graphql
1 > Accept-Encoding: gzip,deflate
1 > Connection: Keep-Alive
1 > Content-Length: 74
1 > Content-Type: application/json; charset=UTF-8
1 > Host: graphql-pokemon.now.sh
1 > User-Agent: Apache-HttpClient/4.5.5 (Java/1.8.0_212)
{"query":"{\n    pokemon(name: \"Charmander\") {\n        name\n    }\n}"}

11:52:15.723 [main] DEBUG com.intuit.karate - response time in milliseconds: 1193,89
1 < 200
1 < Accept-Ranges: bytes
1 < Access-Control-Allow-Methods: GET,HEAD,PUT,POST,DELETE
1 < Access-Control-Allow-Origin: *
1 < Connection: keep-alive
1 < Content-Length: 42
1 < Content-Type: application/json; charset=utf-8
1 < Date: Mon, 18 Nov 2019 13:52:15 GMT
1 < X-Now-Instance: 1991369795
1 < cache-control: s-maxage=0
1 < server: now
1 < strict-transport-security: max-age=63072000
1 < x-now-id: gru1:kxwsb-1574085134912-782676a67250
1 < x-now-trace: gru1,sfo1
{"data":{"pokemon":{"name":"Charmander"}}}

12:05:51.979 [main] INFO  com.intuit.karate - karate.env system property was: null 
12:05:52.310 [main] DEBUG com.intuit.karate - request:
1 > POST https://graphql-pokemon.now.sh/graphql
1 > Accept-Encoding: gzip,deflate
1 > Connection: Keep-Alive
1 > Content-Length: 575
1 > Content-Type: application/json; charset=UTF-8
1 > Host: graphql-pokemon.now.sh
1 > User-Agent: Apache-HttpClient/4.5.5 (Java/1.8.0_212)
{"query":"query PokemonFullData($name: String) {\n    pokemon(name: $name) {\n        id\n        number\n        name\n        weight {\n            minimum\n            maximum\n        }\n        height {\n            minimum\n            maximum\n        }\n        classification\n        types\n        resistant\n        weaknesses\n        fleeRate\n        maxCP\n        evolutions {\n            id\n        }\n        evolutionRequirements {\n            amount\n            name\n        }\n        maxHP\n        image\n    }\n}","variables":{"name":"Pikachu"}}

12:05:53.525 [main] DEBUG com.intuit.karate - response time in milliseconds: 1213,87
1 < 200
1 < Accept-Ranges: bytes
1 < Access-Control-Allow-Methods: GET,HEAD,PUT,POST,DELETE
1 < Access-Control-Allow-Origin: *
1 < Connection: keep-alive
1 < Content-Length: 494
1 < Content-Type: application/json; charset=utf-8
1 < Date: Mon, 18 Nov 2019 14:05:53 GMT
1 < X-Now-Instance: 1991369795
1 < cache-control: s-maxage=0
1 < server: now
1 < strict-transport-security: max-age=63072000
1 < x-now-id: gru1:pvcg9-1574085952726-13828484f750
1 < x-now-trace: gru1,sfo1
{"data":{"pokemon":{"id":"UG9rZW1vbjowMjU=","number":"025","name":"Pikachu","weight":{"minimum":"5.25kg","maximum":"6.75kg"},"height":{"minimum":"0.35m","maximum":"0.45m"},"classification":"Mouse Pokmon","types":["Electric"],"resistant":["Electric","Flying","Steel"],"weaknesses":["Ground"],"fleeRate":0.1,"maxCP":777,"evolutions":[{"id":"UG9rZW1vbjowMjY="}],"evolutionRequirements":{"amount":50,"name":"Pikachu candies"},"maxHP":887,"image":"https://img.pokemondb.net/artwork/pikachu.jpg"}}}

12:05:53.527 [main] INFO  com.intuit.karate - [print] {
  "data": {
    "pokemon": {
      "id": "UG9rZW1vbjowMjU=",
      "number": "025",
      "name": "Pikachu",
      "weight": {
        "minimum": "5.25kg",
        "maximum": "6.75kg"
      },
      "height": {
        "minimum": "0.35m",
        "maximum": "0.45m"
      },
      "classification": "Mouse Pokmon",
      "types": [
        "Electric"
      ],
      "resistant": [
        "Electric",
        "Flying",
        "Steel"
      ],
      "weaknesses": [
        "Ground"
      ],
      "fleeRate": 0.1,
      "maxCP": 777,
      "evolutions": [
        {
          "id": "UG9rZW1vbjowMjY="
        }
      ],
      "evolutionRequirements": {
        "amount": 50,
        "name": "Pikachu candies"
      },
      "maxHP": 887,
      "image": "https://img.pokemondb.net/artwork/pikachu.jpg"
    }
  }
}

12:05:53.528 [main] INFO  com.intuit.karate - [print] {
  "data": {
    "pokemon": {
      "id": "#string",
      "number": "#string",
      "name": "#string",
      "attacks": {
        "special": [
          {
            "name": "#string",
            "type": "#string",
            "damage": "#number"
          },
          {
            "name": "#string",
            "type": "#string",
            "damage": "#number"
          },
          {
            "name": "#string",
            "type": "#string",
            "damage": "#number"
          }
        ]
      }
    }
  }
}

12:07:55.795 [main] INFO  com.intuit.karate - karate.env system property was: null 
12:07:56.114 [main] DEBUG com.intuit.karate - request:
1 > POST https://graphql-pokemon.now.sh/graphql
1 > Accept-Encoding: gzip,deflate
1 > Connection: Keep-Alive
1 > Content-Length: 575
1 > Content-Type: application/json; charset=UTF-8
1 > Host: graphql-pokemon.now.sh
1 > User-Agent: Apache-HttpClient/4.5.5 (Java/1.8.0_212)
{"query":"query PokemonFullData($name: String) {\n    pokemon(name: $name) {\n        id\n        number\n        name\n        weight {\n            minimum\n            maximum\n        }\n        height {\n            minimum\n            maximum\n        }\n        classification\n        types\n        resistant\n        weaknesses\n        fleeRate\n        maxCP\n        evolutions {\n            id\n        }\n        evolutionRequirements {\n            amount\n            name\n        }\n        maxHP\n        image\n    }\n}","variables":{"name":"Pikachu"}}

12:07:57.406 [main] DEBUG com.intuit.karate - response time in milliseconds: 1290,52
1 < 200
1 < Accept-Ranges: bytes
1 < Access-Control-Allow-Methods: GET,HEAD,PUT,POST,DELETE
1 < Access-Control-Allow-Origin: *
1 < Connection: keep-alive
1 < Content-Length: 494
1 < Content-Type: application/json; charset=utf-8
1 < Date: Mon, 18 Nov 2019 14:07:57 GMT
1 < X-Now-Instance: 1991369795
1 < cache-control: s-maxage=0
1 < server: now
1 < strict-transport-security: max-age=63072000
1 < x-now-id: gru1:wt7xc-1574086076498-e60bac8c411b
1 < x-now-trace: gru1,sfo1
{"data":{"pokemon":{"id":"UG9rZW1vbjowMjU=","number":"025","name":"Pikachu","weight":{"minimum":"5.25kg","maximum":"6.75kg"},"height":{"minimum":"0.35m","maximum":"0.45m"},"classification":"Mouse Pokmon","types":["Electric"],"resistant":["Electric","Flying","Steel"],"weaknesses":["Ground"],"fleeRate":0.1,"maxCP":777,"evolutions":[{"id":"UG9rZW1vbjowMjY="}],"evolutionRequirements":{"amount":50,"name":"Pikachu candies"},"maxHP":887,"image":"https://img.pokemondb.net/artwork/pikachu.jpg"}}}

12:09:15.128 [main] INFO  com.intuit.karate - karate.env system property was: null 
12:09:46.077 [main] INFO  com.intuit.karate - karate.env system property was: null 
12:09:46.406 [main] DEBUG com.intuit.karate - request:
1 > POST https://graphql-pokemon.now.sh/graphql
1 > Accept-Encoding: gzip,deflate
1 > Connection: Keep-Alive
1 > Content-Length: 575
1 > Content-Type: application/json; charset=UTF-8
1 > Host: graphql-pokemon.now.sh
1 > User-Agent: Apache-HttpClient/4.5.5 (Java/1.8.0_212)
{"query":"query PokemonFullData($name: String) {\n    pokemon(name: $name) {\n        id\n        number\n        name\n        weight {\n            minimum\n            maximum\n        }\n        height {\n            minimum\n            maximum\n        }\n        classification\n        types\n        resistant\n        weaknesses\n        fleeRate\n        maxCP\n        evolutions {\n            id\n        }\n        evolutionRequirements {\n            amount\n            name\n        }\n        maxHP\n        image\n    }\n}","variables":{"name":"Pikachu"}}

12:09:47.681 [main] DEBUG com.intuit.karate - response time in milliseconds: 1273,57
1 < 200
1 < Accept-Ranges: bytes
1 < Access-Control-Allow-Methods: GET,HEAD,PUT,POST,DELETE
1 < Access-Control-Allow-Origin: *
1 < Connection: keep-alive
1 < Content-Length: 494
1 < Content-Type: application/json; charset=utf-8
1 < Date: Mon, 18 Nov 2019 14:09:47 GMT
1 < X-Now-Instance: 1991369795
1 < cache-control: s-maxage=0
1 < server: now
1 < strict-transport-security: max-age=63072000
1 < x-now-id: gru1:wt7xc-1574086186826-3c69ec813e3a
1 < x-now-trace: gru1,sfo1
{"data":{"pokemon":{"id":"UG9rZW1vbjowMjU=","number":"025","name":"Pikachu","weight":{"minimum":"5.25kg","maximum":"6.75kg"},"height":{"minimum":"0.35m","maximum":"0.45m"},"classification":"Mouse Pokmon","types":["Electric"],"resistant":["Electric","Flying","Steel"],"weaknesses":["Ground"],"fleeRate":0.1,"maxCP":777,"evolutions":[{"id":"UG9rZW1vbjowMjY="}],"evolutionRequirements":{"amount":50,"name":"Pikachu candies"},"maxHP":887,"image":"https://img.pokemondb.net/artwork/pikachu.jpg"}}}

12:09:47.685 [main] INFO  com.intuit.karate - [print] {
  "data": {
    "pokemon": {
      "id": "UG9rZW1vbjowMjU=",
      "number": "025",
      "name": "Pikachu",
      "weight": {
        "minimum": "5.25kg",
        "maximum": "6.75kg"
      },
      "height": {
        "minimum": "0.35m",
        "maximum": "0.45m"
      },
      "classification": "Mouse Pokmon",
      "types": [
        "Electric"
      ],
      "resistant": [
        "Electric",
        "Flying",
        "Steel"
      ],
      "weaknesses": [
        "Ground"
      ],
      "fleeRate": 0.1,
      "maxCP": 777,
      "evolutions": [
        {
          "id": "UG9rZW1vbjowMjY="
        }
      ],
      "evolutionRequirements": {
        "amount": 50,
        "name": "Pikachu candies"
      },
      "maxHP": 887,
      "image": "https://img.pokemondb.net/artwork/pikachu.jpg"
    }
  }
}

12:09:47.686 [main] INFO  com.intuit.karate - [print] {
  "data": {
    "pokemon": {
      "id": "#string",
      "number": "#string",
      "name": "#string",
      "attacks": {
        "special": [
          {
            "name": "#string",
            "type": "#string",
            "damage": "#number"
          },
          {
            "name": "#string",
            "type": "#string",
            "damage": "#number"
          },
          {
            "name": "#string",
            "type": "#string",
            "damage": "#number"
          }
        ]
      }
    }
  }
}

12:14:50.174 [main] INFO  com.intuit.karate - karate.env system property was: null 
12:14:50.528 [main] DEBUG com.intuit.karate - request:
1 > POST https://graphql-pokemon.now.sh/graphql
1 > Accept-Encoding: gzip,deflate
1 > Connection: Keep-Alive
1 > Content-Length: 136
1 > Content-Type: application/json; charset=UTF-8
1 > Host: graphql-pokemon.now.sh
1 > User-Agent: Apache-HttpClient/4.5.5 (Java/1.8.0_212)
{"query":"query PokemonAndAttacks($id: String) {\n    pokemon(id: $id) {\n        name\n    }\n}","variables":{"id":"UG9rZW1vbjowMDQ="}}

12:14:51.813 [main] DEBUG com.intuit.karate - response time in milliseconds: 1281,63
1 < 200
1 < Accept-Ranges: bytes
1 < Access-Control-Allow-Methods: GET,HEAD,PUT,POST,DELETE
1 < Access-Control-Allow-Origin: *
1 < Connection: keep-alive
1 < Content-Length: 42
1 < Content-Type: application/json; charset=utf-8
1 < Date: Mon, 18 Nov 2019 14:14:51 GMT
1 < X-Now-Instance: 1991369795
1 < cache-control: s-maxage=0
1 < server: now
1 < strict-transport-security: max-age=63072000
1 < x-now-id: gru1:pvcg9-1574086490944-bf1d39ecfdfd
1 < x-now-trace: gru1,sfo1
{"data":{"pokemon":{"name":"Charmander"}}}

12:15:07.660 [main] INFO  com.intuit.karate - karate.env system property was: null 
12:15:07.987 [main] DEBUG com.intuit.karate - request:
1 > POST https://graphql-pokemon.now.sh/graphql
1 > Accept-Encoding: gzip,deflate
1 > Connection: Keep-Alive
1 > Content-Length: 175
1 > Content-Type: application/json; charset=UTF-8
1 > Host: graphql-pokemon.now.sh
1 > User-Agent: Apache-HttpClient/4.5.5 (Java/1.8.0_212)
{"query":"{\n  pokemon(name: \"Pikachu\") {\n    id\n    number\n    name\n    attacks {\n      special {\n        name\n        type\n        damage\n      }\n    }\n  }\n}"}

12:15:09.175 [main] DEBUG com.intuit.karate - response time in milliseconds: 1185,86
1 < 200
1 < Accept-Ranges: bytes
1 < Access-Control-Allow-Methods: GET,HEAD,PUT,POST,DELETE
1 < Access-Control-Allow-Origin: *
1 < Connection: keep-alive
1 < Content-Length: 256
1 < Content-Type: application/json; charset=utf-8
1 < Date: Mon, 18 Nov 2019 14:15:09 GMT
1 < X-Now-Instance: 1991369795
1 < cache-control: s-maxage=0
1 < server: now
1 < strict-transport-security: max-age=63072000
1 < x-now-id: gru1:kxwsb-1574086508255-5a95d8cea579
1 < x-now-trace: gru1,sfo1
{"data":{"pokemon":{"id":"UG9rZW1vbjowMjU=","number":"025","name":"Pikachu","attacks":{"special":[{"name":"Discharge","type":"Electric","damage":35},{"name":"Thunder","type":"Electric","damage":100},{"name":"Thunderbolt","type":"Electric","damage":55}]}}}}

12:15:09.198 [main] INFO  com.intuit.karate - karate.env system property was: null 
12:15:09.208 [main] DEBUG com.intuit.karate - request:
1 > POST https://graphql-pokemon.now.sh/graphql
1 > Accept-Encoding: gzip,deflate
1 > Connection: Keep-Alive
1 > Content-Length: 235
1 > Content-Type: application/json; charset=UTF-8
1 > Host: graphql-pokemon.now.sh
1 > User-Agent: Apache-HttpClient/4.5.5 (Java/1.8.0_212)
{"query":"{\n    pokemon(name: \"Pikachu\") {\n        id\n        number\n        name\n        attacks {\n            special {\n                name\n                type\n                damage\n            }\n        }\n    }\n}"}

12:15:10.085 [main] DEBUG com.intuit.karate - response time in milliseconds: 875,61
1 < 200
1 < Accept-Ranges: bytes
1 < Access-Control-Allow-Methods: GET,HEAD,PUT,POST,DELETE
1 < Access-Control-Allow-Origin: *
1 < Connection: keep-alive
1 < Content-Length: 256
1 < Content-Type: application/json; charset=utf-8
1 < Date: Mon, 18 Nov 2019 14:15:10 GMT
1 < X-Now-Instance: 1991369795
1 < cache-control: s-maxage=0
1 < server: now
1 < strict-transport-security: max-age=63072000
1 < x-now-id: gru1:lwwmj-1574086509312-7b0c8a76120b
1 < x-now-trace: gru1,sfo1
{"data":{"pokemon":{"id":"UG9rZW1vbjowMjU=","number":"025","name":"Pikachu","attacks":{"special":[{"name":"Discharge","type":"Electric","damage":35},{"name":"Thunder","type":"Electric","damage":100},{"name":"Thunderbolt","type":"Electric","damage":55}]}}}}

12:15:10.104 [main] INFO  com.intuit.karate - karate.env system property was: null 
12:15:10.114 [main] DEBUG com.intuit.karate - request:
1 > POST https://graphql-pokemon.now.sh/graphql
1 > Accept-Encoding: gzip,deflate
1 > Connection: Keep-Alive
1 > Content-Length: 74
1 > Content-Type: application/json; charset=UTF-8
1 > Host: graphql-pokemon.now.sh
1 > User-Agent: Apache-HttpClient/4.5.5 (Java/1.8.0_212)
{"query":"{\n    pokemon(name: \"Charmander\") {\n        name\n    }\n}"}

12:15:11.007 [main] DEBUG com.intuit.karate - response time in milliseconds: 891,98
1 < 200
1 < Accept-Ranges: bytes
1 < Access-Control-Allow-Methods: GET,HEAD,PUT,POST,DELETE
1 < Access-Control-Allow-Origin: *
1 < Connection: keep-alive
1 < Content-Length: 42
1 < Content-Type: application/json; charset=utf-8
1 < Date: Mon, 18 Nov 2019 14:15:10 GMT
1 < X-Now-Instance: 1991369795
1 < cache-control: s-maxage=0
1 < server: now
1 < strict-transport-security: max-age=63072000
1 < x-now-id: gru1:pvcg9-1574086510202-ce37b5d92427
1 < x-now-trace: gru1,sfo1
{"data":{"pokemon":{"name":"Charmander"}}}

12:15:11.027 [main] INFO  com.intuit.karate - karate.env system property was: null 
12:15:11.041 [main] DEBUG com.intuit.karate - request:
1 > POST https://graphql-pokemon.now.sh/graphql
1 > Accept-Encoding: gzip,deflate
1 > Connection: Keep-Alive
1 > Content-Length: 136
1 > Content-Type: application/json; charset=UTF-8
1 > Host: graphql-pokemon.now.sh
1 > User-Agent: Apache-HttpClient/4.5.5 (Java/1.8.0_212)
{"query":"query PokemonAndAttacks($id: String) {\n    pokemon(id: $id) {\n        name\n    }\n}","variables":{"id":"UG9rZW1vbjowMDQ="}}

12:15:11.993 [main] DEBUG com.intuit.karate - response time in milliseconds: 951,48
1 < 200
1 < Accept-Ranges: bytes
1 < Access-Control-Allow-Methods: GET,HEAD,PUT,POST,DELETE
1 < Access-Control-Allow-Origin: *
1 < Connection: keep-alive
1 < Content-Length: 42
1 < Content-Type: application/json; charset=utf-8
1 < Date: Mon, 18 Nov 2019 14:15:11 GMT
1 < X-Now-Instance: 1991369795
1 < cache-control: s-maxage=0
1 < server: now
1 < strict-transport-security: max-age=63072000
1 < x-now-id: gru1:lwwmj-1574086511116-d8b84583b4af
1 < x-now-trace: gru1,sfo1
{"data":{"pokemon":{"name":"Charmander"}}}

12:15:12.010 [main] INFO  com.intuit.karate - karate.env system property was: null 
12:15:12.036 [main] INFO  com.intuit.karate - karate.env system property was: null 
12:15:12.053 [main] INFO  com.intuit.karate - karate.env system property was: null 
12:15:12.071 [main] INFO  com.intuit.karate - karate.env system property was: null 
12:15:12.084 [main] INFO  com.intuit.karate - karate.env system property was: null 
12:15:12.097 [main] INFO  com.intuit.karate - karate.env system property was: null 
12:15:12.109 [main] DEBUG com.intuit.karate - request:
1 > POST https://graphql-pokemon.now.sh/graphql
1 > Accept-Encoding: gzip,deflate
1 > Connection: Keep-Alive
1 > Content-Length: 575
1 > Content-Type: application/json; charset=UTF-8
1 > Host: graphql-pokemon.now.sh
1 > User-Agent: Apache-HttpClient/4.5.5 (Java/1.8.0_212)
{"query":"query PokemonFullData($name: String) {\n    pokemon(name: $name) {\n        id\n        number\n        name\n        weight {\n            minimum\n            maximum\n        }\n        height {\n            minimum\n            maximum\n        }\n        classification\n        types\n        resistant\n        weaknesses\n        fleeRate\n        maxCP\n        evolutions {\n            id\n        }\n        evolutionRequirements {\n            amount\n            name\n        }\n        maxHP\n        image\n    }\n}","variables":{"name":"Pikachu"}}

12:15:13.017 [main] DEBUG com.intuit.karate - response time in milliseconds: 906,89
1 < 200
1 < Accept-Ranges: bytes
1 < Access-Control-Allow-Methods: GET,HEAD,PUT,POST,DELETE
1 < Access-Control-Allow-Origin: *
1 < Connection: keep-alive
1 < Content-Length: 494
1 < Content-Type: application/json; charset=utf-8
1 < Date: Mon, 18 Nov 2019 14:15:12 GMT
1 < X-Now-Instance: 1991369795
1 < cache-control: s-maxage=0
1 < server: now
1 < strict-transport-security: max-age=63072000
1 < x-now-id: gru1:wt7xc-1574086512178-77d3eb030a90
1 < x-now-trace: gru1,sfo1
{"data":{"pokemon":{"id":"UG9rZW1vbjowMjU=","number":"025","name":"Pikachu","weight":{"minimum":"5.25kg","maximum":"6.75kg"},"height":{"minimum":"0.35m","maximum":"0.45m"},"classification":"Mouse Pokmon","types":["Electric"],"resistant":["Electric","Flying","Steel"],"weaknesses":["Ground"],"fleeRate":0.1,"maxCP":777,"evolutions":[{"id":"UG9rZW1vbjowMjY="}],"evolutionRequirements":{"amount":50,"name":"Pikachu candies"},"maxHP":887,"image":"https://img.pokemondb.net/artwork/pikachu.jpg"}}}

12:15:13.019 [main] INFO  com.intuit.karate - [print] {
  "data": {
    "pokemon": {
      "id": "UG9rZW1vbjowMjU=",
      "number": "025",
      "name": "Pikachu",
      "weight": {
        "minimum": "5.25kg",
        "maximum": "6.75kg"
      },
      "height": {
        "minimum": "0.35m",
        "maximum": "0.45m"
      },
      "classification": "Mouse Pokmon",
      "types": [
        "Electric"
      ],
      "resistant": [
        "Electric",
        "Flying",
        "Steel"
      ],
      "weaknesses": [
        "Ground"
      ],
      "fleeRate": 0.1,
      "maxCP": 777,
      "evolutions": [
        {
          "id": "UG9rZW1vbjowMjY="
        }
      ],
      "evolutionRequirements": {
        "amount": 50,
        "name": "Pikachu candies"
      },
      "maxHP": 887,
      "image": "https://img.pokemondb.net/artwork/pikachu.jpg"
    }
  }
}

12:15:13.020 [main] INFO  com.intuit.karate - [print] {
  "data": {
    "pokemon": {
      "id": "#string",
      "number": "#string",
      "name": "#string",
      "attacks": {
        "special": [
          {
            "name": "#string",
            "type": "#string",
            "damage": "#number"
          },
          {
            "name": "#string",
            "type": "#string",
            "damage": "#number"
          },
          {
            "name": "#string",
            "type": "#string",
            "damage": "#number"
          }
        ]
      }
    }
  }
}

12:15:13.029 [main] INFO  com.intuit.karate - karate.env system property was: null 
12:15:45.706 [main] INFO  com.intuit.karate - karate.env system property was: null 
12:15:46.011 [main] DEBUG com.intuit.karate - request:
1 > POST https://graphql-pokemon.now.sh/graphql
1 > Accept-Encoding: gzip,deflate
1 > Connection: Keep-Alive
1 > Content-Length: 175
1 > Content-Type: application/json; charset=UTF-8
1 > Host: graphql-pokemon.now.sh
1 > User-Agent: Apache-HttpClient/4.5.5 (Java/1.8.0_212)
{"query":"{\n  pokemon(name: \"Pikachu\") {\n    id\n    number\n    name\n    attacks {\n      special {\n        name\n        type\n        damage\n      }\n    }\n  }\n}"}

12:15:47.126 [main] DEBUG com.intuit.karate - response time in milliseconds: 1114,42
1 < 200
1 < Accept-Ranges: bytes
1 < Access-Control-Allow-Methods: GET,HEAD,PUT,POST,DELETE
1 < Access-Control-Allow-Origin: *
1 < Connection: keep-alive
1 < Content-Length: 256
1 < Content-Type: application/json; charset=utf-8
1 < Date: Mon, 18 Nov 2019 14:15:47 GMT
1 < X-Now-Instance: 1991369795
1 < cache-control: s-maxage=0
1 < server: now
1 < strict-transport-security: max-age=63072000
1 < x-now-id: gru1:pvcg9-1574086546255-3b0f4e1502f9
1 < x-now-trace: gru1,sfo1
{"data":{"pokemon":{"id":"UG9rZW1vbjowMjU=","number":"025","name":"Pikachu","attacks":{"special":[{"name":"Discharge","type":"Electric","damage":35},{"name":"Thunder","type":"Electric","damage":100},{"name":"Thunderbolt","type":"Electric","damage":55}]}}}}

12:15:47.150 [main] INFO  com.intuit.karate - karate.env system property was: null 
12:15:47.162 [main] DEBUG com.intuit.karate - request:
1 > POST https://graphql-pokemon.now.sh/graphql
1 > Accept-Encoding: gzip,deflate
1 > Connection: Keep-Alive
1 > Content-Length: 235
1 > Content-Type: application/json; charset=UTF-8
1 > Host: graphql-pokemon.now.sh
1 > User-Agent: Apache-HttpClient/4.5.5 (Java/1.8.0_212)
{"query":"{\n    pokemon(name: \"Pikachu\") {\n        id\n        number\n        name\n        attacks {\n            special {\n                name\n                type\n                damage\n            }\n        }\n    }\n}"}

12:15:48.042 [main] DEBUG com.intuit.karate - response time in milliseconds: 879,40
1 < 200
1 < Accept-Ranges: bytes
1 < Access-Control-Allow-Methods: GET,HEAD,PUT,POST,DELETE
1 < Access-Control-Allow-Origin: *
1 < Connection: keep-alive
1 < Content-Length: 256
1 < Content-Type: application/json; charset=utf-8
1 < Date: Mon, 18 Nov 2019 14:15:48 GMT
1 < X-Now-Instance: 1991369795
1 < cache-control: s-maxage=0
1 < server: now
1 < strict-transport-security: max-age=63072000
1 < x-now-id: gru1:pvcg9-1574086547227-9a915802ca58
1 < x-now-trace: gru1,sfo1
{"data":{"pokemon":{"id":"UG9rZW1vbjowMjU=","number":"025","name":"Pikachu","attacks":{"special":[{"name":"Discharge","type":"Electric","damage":35},{"name":"Thunder","type":"Electric","damage":100},{"name":"Thunderbolt","type":"Electric","damage":55}]}}}}

12:15:48.066 [main] INFO  com.intuit.karate - karate.env system property was: null 
12:15:48.077 [main] DEBUG com.intuit.karate - request:
1 > POST https://graphql-pokemon.now.sh/graphql
1 > Accept-Encoding: gzip,deflate
1 > Connection: Keep-Alive
1 > Content-Length: 74
1 > Content-Type: application/json; charset=UTF-8
1 > Host: graphql-pokemon.now.sh
1 > User-Agent: Apache-HttpClient/4.5.5 (Java/1.8.0_212)
{"query":"{\n    pokemon(name: \"Charmander\") {\n        name\n    }\n}"}

12:15:49.074 [main] DEBUG com.intuit.karate - response time in milliseconds: 994,91
1 < 200
1 < Accept-Ranges: bytes
1 < Access-Control-Allow-Methods: GET,HEAD,PUT,POST,DELETE
1 < Access-Control-Allow-Origin: *
1 < Connection: keep-alive
1 < Content-Length: 42
1 < Content-Type: application/json; charset=utf-8
1 < Date: Mon, 18 Nov 2019 14:15:49 GMT
1 < X-Now-Instance: 1991369795
1 < cache-control: s-maxage=0
1 < server: now
1 < strict-transport-security: max-age=63072000
1 < x-now-id: gru1:wt7xc-1574086548143-8d21aa811a1c
1 < x-now-trace: gru1,sfo1
{"data":{"pokemon":{"name":"Charmander"}}}

12:15:49.096 [main] INFO  com.intuit.karate - karate.env system property was: null 
12:15:49.112 [main] DEBUG com.intuit.karate - request:
1 > POST https://graphql-pokemon.now.sh/graphql
1 > Accept-Encoding: gzip,deflate
1 > Connection: Keep-Alive
1 > Content-Length: 136
1 > Content-Type: application/json; charset=UTF-8
1 > Host: graphql-pokemon.now.sh
1 > User-Agent: Apache-HttpClient/4.5.5 (Java/1.8.0_212)
{"query":"query PokemonAndAttacks($id: String) {\n    pokemon(id: $id) {\n        name\n    }\n}","variables":{"id":"UG9rZW1vbjowMDQ="}}

12:15:49.989 [main] DEBUG com.intuit.karate - response time in milliseconds: 876,47
1 < 200
1 < Accept-Ranges: bytes
1 < Access-Control-Allow-Methods: GET,HEAD,PUT,POST,DELETE
1 < Access-Control-Allow-Origin: *
1 < Connection: keep-alive
1 < Content-Length: 42
1 < Content-Type: application/json; charset=utf-8
1 < Date: Mon, 18 Nov 2019 14:15:49 GMT
1 < X-Now-Instance: 1991369795
1 < cache-control: s-maxage=0
1 < server: now
1 < strict-transport-security: max-age=63072000
1 < x-now-id: gru1:kxwsb-1574086549185-5a0d4e2a3c97
1 < x-now-trace: gru1,sfo1
{"data":{"pokemon":{"name":"Charmander"}}}

12:15:50.009 [main] INFO  com.intuit.karate - karate.env system property was: null 
12:15:50.023 [main] DEBUG com.intuit.karate - request:
1 > POST https://graphql-pokemon.now.sh/graphql
1 > Accept-Encoding: gzip,deflate
1 > Connection: Keep-Alive
1 > Content-Length: 299
1 > Content-Type: application/json; charset=UTF-8
1 > Host: graphql-pokemon.now.sh
1 > User-Agent: Apache-HttpClient/4.5.5 (Java/1.8.0_212)
{"query":"query PokemonAndAttacks($name: String) {\n    pokemon(name: $name) {\n        id\n        number\n        name\n        attacks {\n            special {\n                name\n                type\n                damage\n            }\n        }\n    }\n}","variables":{"name":"Pikachu"}}

12:15:50.886 [main] DEBUG com.intuit.karate - response time in milliseconds: 862,61
1 < 200
1 < Accept-Ranges: bytes
1 < Access-Control-Allow-Methods: GET,HEAD,PUT,POST,DELETE
1 < Access-Control-Allow-Origin: *
1 < Connection: keep-alive
1 < Content-Length: 256
1 < Content-Type: application/json; charset=utf-8
1 < Date: Mon, 18 Nov 2019 14:15:50 GMT
1 < X-Now-Instance: 1991369795
1 < cache-control: s-maxage=0
1 < server: now
1 < strict-transport-security: max-age=63072000
1 < x-now-id: gru1:kxwsb-1574086550102-5c030e133dd9
1 < x-now-trace: gru1,sfo1
{"data":{"pokemon":{"id":"UG9rZW1vbjowMjU=","number":"025","name":"Pikachu","attacks":{"special":[{"name":"Discharge","type":"Electric","damage":35},{"name":"Thunder","type":"Electric","damage":100},{"name":"Thunderbolt","type":"Electric","damage":55}]}}}}

12:15:50.898 [main] INFO  com.intuit.karate - [print] response: {
  "data": {
    "pokemon": {
      "id": "UG9rZW1vbjowMjU=",
      "number": "025",
      "name": "Pikachu",
      "attacks": {
        "special": [
          {
            "name": "Discharge",
            "type": "Electric",
            "damage": 35
          },
          {
            "name": "Thunder",
            "type": "Electric",
            "damage": 100
          },
          {
            "name": "Thunderbolt",
            "type": "Electric",
            "damage": 55
          }
        ]
      }
    }
  }
}

12:15:50.916 [main] INFO  com.intuit.karate - karate.env system property was: null 
12:15:50.927 [main] DEBUG com.intuit.karate - request:
1 > POST https://graphql-pokemon.now.sh/graphql
1 > Accept-Encoding: gzip,deflate
1 > Connection: Keep-Alive
1 > Content-Length: 302
1 > Content-Type: application/json; charset=UTF-8
1 > Host: graphql-pokemon.now.sh
1 > User-Agent: Apache-HttpClient/4.5.5 (Java/1.8.0_212)
{"query":"query PokemonAndAttacks($name: String) {\n    pokemon(name: $name) {\n        id\n        number\n        name\n        attacks {\n            special {\n                name\n                type\n                damage\n            }\n        }\n    }\n}","variables":{"name":"Charmander"}}

12:15:51.831 [main] DEBUG com.intuit.karate - response time in milliseconds: 903,59
1 < 200
1 < Accept-Ranges: bytes
1 < Access-Control-Allow-Methods: GET,HEAD,PUT,POST,DELETE
1 < Access-Control-Allow-Origin: *
1 < Connection: keep-alive
1 < Content-Length: 254
1 < Content-Type: application/json; charset=utf-8
1 < Date: Mon, 18 Nov 2019 14:15:51 GMT
1 < X-Now-Instance: 1991369795
1 < cache-control: s-maxage=0
1 < server: now
1 < strict-transport-security: max-age=63072000
1 < x-now-id: gru1:pvcg9-1574086551007-71ac2f9b1627
1 < x-now-trace: gru1,sfo1
{"data":{"pokemon":{"id":"UG9rZW1vbjowMDQ=","number":"004","name":"Charmander","attacks":{"special":[{"name":"Flame Burst","type":"Fire","damage":30},{"name":"Flame Charge","type":"Fire","damage":25},{"name":"Flamethrower","type":"Fire","damage":55}]}}}}

12:15:51.836 [main] INFO  com.intuit.karate - [print] response: {
  "data": {
    "pokemon": {
      "id": "UG9rZW1vbjowMDQ=",
      "number": "004",
      "name": "Charmander",
      "attacks": {
        "special": [
          {
            "name": "Flame Burst",
            "type": "Fire",
            "damage": 30
          },
          {
            "name": "Flame Charge",
            "type": "Fire",
            "damage": 25
          },
          {
            "name": "Flamethrower",
            "type": "Fire",
            "damage": 55
          }
        ]
      }
    }
  }
}

12:15:51.852 [main] INFO  com.intuit.karate - karate.env system property was: null 
12:15:51.859 [main] DEBUG com.intuit.karate - request:
1 > POST https://graphql-pokemon.now.sh/graphql
1 > Accept-Encoding: gzip,deflate
1 > Connection: Keep-Alive
1 > Content-Length: 300
1 > Content-Type: application/json; charset=UTF-8
1 > Host: graphql-pokemon.now.sh
1 > User-Agent: Apache-HttpClient/4.5.5 (Java/1.8.0_212)
{"query":"query PokemonAndAttacks($name: String) {\n    pokemon(name: $name) {\n        id\n        number\n        name\n        attacks {\n            special {\n                name\n                type\n                damage\n            }\n        }\n    }\n}","variables":{"name":"Squirtle"}}

12:15:52.752 [main] DEBUG com.intuit.karate - response time in milliseconds: 892,25
1 < 200
1 < Accept-Ranges: bytes
1 < Access-Control-Allow-Methods: GET,HEAD,PUT,POST,DELETE
1 < Access-Control-Allow-Origin: *
1 < Connection: keep-alive
1 < Content-Length: 248
1 < Content-Type: application/json; charset=utf-8
1 < Date: Mon, 18 Nov 2019 14:15:52 GMT
1 < X-Now-Instance: 1991369795
1 < cache-control: s-maxage=0
1 < server: now
1 < strict-transport-security: max-age=63072000
1 < x-now-id: gru1:lwwmj-1574086551935-2e9eb74ad0b7
1 < x-now-trace: gru1,sfo1
{"data":{"pokemon":{"id":"UG9rZW1vbjowMDc=","number":"007","name":"Squirtle","attacks":{"special":[{"name":"Aqua Jet","type":"Water","damage":25},{"name":"Aqua Tail","type":"Water","damage":45},{"name":"Water Pulse","type":"Water","damage":35}]}}}}

12:15:52.758 [main] INFO  com.intuit.karate - [print] response: {
  "data": {
    "pokemon": {
      "id": "UG9rZW1vbjowMDc=",
      "number": "007",
      "name": "Squirtle",
      "attacks": {
        "special": [
          {
            "name": "Aqua Jet",
            "type": "Water",
            "damage": 25
          },
          {
            "name": "Aqua Tail",
            "type": "Water",
            "damage": 45
          },
          {
            "name": "Water Pulse",
            "type": "Water",
            "damage": 35
          }
        ]
      }
    }
  }
}

12:15:52.771 [main] INFO  com.intuit.karate - karate.env system property was: null 
12:15:52.780 [main] DEBUG com.intuit.karate - request:
1 > POST https://graphql-pokemon.now.sh/graphql
1 > Accept-Encoding: gzip,deflate
1 > Connection: Keep-Alive
1 > Content-Length: 301
1 > Content-Type: application/json; charset=UTF-8
1 > Host: graphql-pokemon.now.sh
1 > User-Agent: Apache-HttpClient/4.5.5 (Java/1.8.0_212)
{"query":"query PokemonAndAttacks($name: String) {\n    pokemon(name: $name) {\n        id\n        number\n        name\n        attacks {\n            special {\n                name\n                type\n                damage\n            }\n        }\n    }\n}","variables":{"name":"Charizard"}}

12:15:53.660 [main] DEBUG com.intuit.karate - response time in milliseconds: 879,01
1 < 200
1 < Accept-Ranges: bytes
1 < Access-Control-Allow-Methods: GET,HEAD,PUT,POST,DELETE
1 < Access-Control-Allow-Origin: *
1 < Connection: keep-alive
1 < Content-Length: 254
1 < Content-Type: application/json; charset=utf-8
1 < Date: Mon, 18 Nov 2019 14:15:53 GMT
1 < X-Now-Instance: 1991369795
1 < cache-control: s-maxage=0
1 < server: now
1 < strict-transport-security: max-age=63072000
1 < x-now-id: gru1:pvcg9-1574086552857-bc28670ee2d3
1 < x-now-trace: gru1,sfo1
{"data":{"pokemon":{"id":"UG9rZW1vbjowMDY=","number":"006","name":"Charizard","attacks":{"special":[{"name":"Dragon Claw","type":"Dragon","damage":35},{"name":"Fire Blast","type":"Fire","damage":100},{"name":"Flamethrower","type":"Fire","damage":55}]}}}}

12:15:53.665 [main] INFO  com.intuit.karate - [print] response: {
  "data": {
    "pokemon": {
      "id": "UG9rZW1vbjowMDY=",
      "number": "006",
      "name": "Charizard",
      "attacks": {
        "special": [
          {
            "name": "Dragon Claw",
            "type": "Dragon",
            "damage": 35
          },
          {
            "name": "Fire Blast",
            "type": "Fire",
            "damage": 100
          },
          {
            "name": "Flamethrower",
            "type": "Fire",
            "damage": 55
          }
        ]
      }
    }
  }
}

12:15:53.680 [main] INFO  com.intuit.karate - karate.env system property was: null 
12:15:53.689 [main] DEBUG com.intuit.karate - request:
1 > POST https://graphql-pokemon.now.sh/graphql
1 > Accept-Encoding: gzip,deflate
1 > Connection: Keep-Alive
1 > Content-Length: 299
1 > Content-Type: application/json; charset=UTF-8
1 > Host: graphql-pokemon.now.sh
1 > User-Agent: Apache-HttpClient/4.5.5 (Java/1.8.0_212)
{"query":"query PokemonAndAttacks($name: String) {\n    pokemon(name: $name) {\n        id\n        number\n        name\n        attacks {\n            special {\n                name\n                type\n                damage\n            }\n        }\n    }\n}","variables":{"name":"Pikachu"}}

12:15:54.675 [main] DEBUG com.intuit.karate - response time in milliseconds: 985,40
1 < 200
1 < Accept-Ranges: bytes
1 < Access-Control-Allow-Methods: GET,HEAD,PUT,POST,DELETE
1 < Access-Control-Allow-Origin: *
1 < Connection: keep-alive
1 < Content-Length: 256
1 < Content-Type: application/json; charset=utf-8
1 < Date: Mon, 18 Nov 2019 14:15:54 GMT
1 < X-Now-Instance: 1991369795
1 < cache-control: s-maxage=0
1 < server: now
1 < strict-transport-security: max-age=63072000
1 < x-now-id: gru1:wt7xc-1574086553754-23c5d54d6516
1 < x-now-trace: gru1,sfo1
{"data":{"pokemon":{"id":"UG9rZW1vbjowMjU=","number":"025","name":"Pikachu","attacks":{"special":[{"name":"Discharge","type":"Electric","damage":35},{"name":"Thunder","type":"Electric","damage":100},{"name":"Thunderbolt","type":"Electric","damage":55}]}}}}

12:15:54.677 [main] INFO  com.intuit.karate - [print] {
  "data": {
    "pokemon": {
      "id": "UG9rZW1vbjowMjU=",
      "number": "025",
      "name": "Pikachu",
      "attacks": {
        "special": [
          {
            "name": "Discharge",
            "type": "Electric",
            "damage": 35
          },
          {
            "name": "Thunder",
            "type": "Electric",
            "damage": 100
          },
          {
            "name": "Thunderbolt",
            "type": "Electric",
            "damage": 55
          }
        ]
      }
    }
  }
}

12:15:54.678 [main] INFO  com.intuit.karate - [print] {
  "data": {
    "pokemon": {
      "id": "#string",
      "number": "#string",
      "name": "#string",
      "attacks": {
        "special": [
          {
            "name": "#string",
            "type": "#string",
            "damage": "#number"
          },
          {
            "name": "#string",
            "type": "#string",
            "damage": "#number"
          },
          {
            "name": "#string",
            "type": "#string",
            "damage": "#number"
          }
        ]
      }
    }
  }
}

12:15:54.689 [main] INFO  com.intuit.karate - karate.env system property was: null 
12:15:54.701 [main] DEBUG com.intuit.karate - request:
1 > POST https://graphql-pokemon.now.sh/graphql
1 > Accept-Encoding: gzip,deflate
1 > Connection: Keep-Alive
1 > Content-Length: 575
1 > Content-Type: application/json; charset=UTF-8
1 > Host: graphql-pokemon.now.sh
1 > User-Agent: Apache-HttpClient/4.5.5 (Java/1.8.0_212)
{"query":"query PokemonFullData($name: String) {\n    pokemon(name: $name) {\n        id\n        number\n        name\n        weight {\n            minimum\n            maximum\n        }\n        height {\n            minimum\n            maximum\n        }\n        classification\n        types\n        resistant\n        weaknesses\n        fleeRate\n        maxCP\n        evolutions {\n            id\n        }\n        evolutionRequirements {\n            amount\n            name\n        }\n        maxHP\n        image\n    }\n}","variables":{"name":"Pikachu"}}

12:15:55.551 [main] DEBUG com.intuit.karate - response time in milliseconds: 848,32
1 < 200
1 < Accept-Ranges: bytes
1 < Access-Control-Allow-Methods: GET,HEAD,PUT,POST,DELETE
1 < Access-Control-Allow-Origin: *
1 < Connection: keep-alive
1 < Content-Length: 494
1 < Content-Type: application/json; charset=utf-8
1 < Date: Mon, 18 Nov 2019 14:15:55 GMT
1 < X-Now-Instance: 1991369795
1 < cache-control: s-maxage=0
1 < server: now
1 < strict-transport-security: max-age=63072000
1 < x-now-id: gru1:kxwsb-1574086554768-8e190918ae37
1 < x-now-trace: gru1,sfo1
{"data":{"pokemon":{"id":"UG9rZW1vbjowMjU=","number":"025","name":"Pikachu","weight":{"minimum":"5.25kg","maximum":"6.75kg"},"height":{"minimum":"0.35m","maximum":"0.45m"},"classification":"Mouse Pokmon","types":["Electric"],"resistant":["Electric","Flying","Steel"],"weaknesses":["Ground"],"fleeRate":0.1,"maxCP":777,"evolutions":[{"id":"UG9rZW1vbjowMjY="}],"evolutionRequirements":{"amount":50,"name":"Pikachu candies"},"maxHP":887,"image":"https://img.pokemondb.net/artwork/pikachu.jpg"}}}

12:15:55.553 [main] INFO  com.intuit.karate - [print] {
  "data": {
    "pokemon": {
      "id": "UG9rZW1vbjowMjU=",
      "number": "025",
      "name": "Pikachu",
      "weight": {
        "minimum": "5.25kg",
        "maximum": "6.75kg"
      },
      "height": {
        "minimum": "0.35m",
        "maximum": "0.45m"
      },
      "classification": "Mouse Pokmon",
      "types": [
        "Electric"
      ],
      "resistant": [
        "Electric",
        "Flying",
        "Steel"
      ],
      "weaknesses": [
        "Ground"
      ],
      "fleeRate": 0.1,
      "maxCP": 777,
      "evolutions": [
        {
          "id": "UG9rZW1vbjowMjY="
        }
      ],
      "evolutionRequirements": {
        "amount": 50,
        "name": "Pikachu candies"
      },
      "maxHP": 887,
      "image": "https://img.pokemondb.net/artwork/pikachu.jpg"
    }
  }
}

12:15:55.554 [main] INFO  com.intuit.karate - [print] {
  "data": {
    "pokemon": {
      "id": "#string",
      "number": "#string",
      "name": "#string",
      "attacks": {
        "special": [
          {
            "name": "#string",
            "type": "#string",
            "damage": "#number"
          },
          {
            "name": "#string",
            "type": "#string",
            "damage": "#number"
          },
          {
            "name": "#string",
            "type": "#string",
            "damage": "#number"
          }
        ]
      }
    }
  }
}

12:15:55.563 [main] INFO  com.intuit.karate - karate.env system property was: null 
12:15:55.701 [main] DEBUG com.intuit.karate - request:
1 > POST https://graphql-pokemon.now.sh/graphql
1 > Accept-Encoding: gzip,deflate
1 > Connection: Keep-Alive
1 > Content-Length: 301
1 > Content-Type: application/json; charset=UTF-8
1 > Host: graphql-pokemon.now.sh
1 > User-Agent: Apache-HttpClient/4.5.5 (Java/1.8.0_212)
{"query":"query PokemonAndAttacks($name: String) {\n    pokemon(name: $name) {\n        id\n        number\n        name\n        attacks {\n            special {\n                name\n                type\n                damage\n            }\n        }\n    }\n}","variables":{"name":"Magnemite"}}

12:15:56.551 [main] DEBUG com.intuit.karate - response time in milliseconds: 839,91
1 < 200
1 < Accept-Ranges: bytes
1 < Access-Control-Allow-Methods: GET,HEAD,PUT,POST,DELETE
1 < Access-Control-Allow-Origin: *
1 < Connection: keep-alive
1 < Content-Length: 258
1 < Content-Type: application/json; charset=utf-8
1 < Date: Mon, 18 Nov 2019 14:15:56 GMT
1 < X-Now-Instance: 1991369795
1 < cache-control: s-maxage=0
1 < server: now
1 < strict-transport-security: max-age=63072000
1 < x-now-id: gru1:kxwsb-1574086555780-eb211c988cb6
1 < x-now-trace: gru1,sfo1
{"data":{"pokemon":{"id":"UG9rZW1vbjowODE=","number":"081","name":"Magnemite","attacks":{"special":[{"name":"Discharge","type":"Electric","damage":35},{"name":"Magnet Bomb","type":"Steel","damage":30},{"name":"Thunderbolt","type":"Electric","damage":55}]}}}}

